[5.275s] Invoking command in '/home/ubuntu/turtlebot3_ws/src/turtlebot3/turtlebot3_example': PYTHONPATH=/home/ubuntu/turtlebot3_ws/build/turtlebot3_example/prefix_override:/usr/lib/python3/dist-packages/colcon_core/task/python/colcon_distutils_commands:/home/ubuntu/turtlebot3_ws/install/turtlebot3_example/lib/python3.10/site-packages:${PYTHONPATH} /usr/bin/python3 -W ignore:setup.py install is deprecated -W ignore:easy_install command is deprecated setup.py egg_info --egg-base ../../../build/turtlebot3_example build --build-base /home/ubuntu/turtlebot3_ws/build/turtlebot3_example/build install --record /home/ubuntu/turtlebot3_ws/build/turtlebot3_example/install.log --single-version-externally-managed install_data
[6.928s] running egg_info
[6.932s] writing ../../../build/turtlebot3_example/turtlebot3_example.egg-info/PKG-INFO
[6.934s] writing dependency_links to ../../../build/turtlebot3_example/turtlebot3_example.egg-info/dependency_links.txt
[6.937s] writing entry points to ../../../build/turtlebot3_example/turtlebot3_example.egg-info/entry_points.txt
[6.939s] writing requirements to ../../../build/turtlebot3_example/turtlebot3_example.egg-info/requires.txt
[6.940s] writing top-level names to ../../../build/turtlebot3_example/turtlebot3_example.egg-info/top_level.txt
[6.958s] reading manifest file '../../../build/turtlebot3_example/turtlebot3_example.egg-info/SOURCES.txt'
[6.967s] writing manifest file '../../../build/turtlebot3_example/turtlebot3_example.egg-info/SOURCES.txt'
[6.969s] running build
[6.970s] running build_py
[6.984s] running install
[6.986s] running install_lib
[7.003s] running install_data
[7.005s] running install_egg_info
[7.020s] removing '/home/ubuntu/turtlebot3_ws/install/turtlebot3_example/lib/python3.10/site-packages/turtlebot3_example-2.3.6-py3.10.egg-info' (and everything under it)
[7.024s] Copying ../../../build/turtlebot3_example/turtlebot3_example.egg-info to /home/ubuntu/turtlebot3_ws/install/turtlebot3_example/lib/python3.10/site-packages/turtlebot3_example-2.3.6-py3.10.egg-info
[7.042s] running install_scripts
[7.232s] Installing turtlebot3_absolute_move script to /home/ubuntu/turtlebot3_ws/install/turtlebot3_example/lib/turtlebot3_example
[7.245s] Installing turtlebot3_interactive_marker script to /home/ubuntu/turtlebot3_ws/install/turtlebot3_example/lib/turtlebot3_example
[7.246s] Installing turtlebot3_obstacle_detection script to /home/ubuntu/turtlebot3_ws/install/turtlebot3_example/lib/turtlebot3_example
[7.247s] Installing turtlebot3_patrol_client script to /home/ubuntu/turtlebot3_ws/install/turtlebot3_example/lib/turtlebot3_example
[7.251s] Installing turtlebot3_patrol_server script to /home/ubuntu/turtlebot3_ws/install/turtlebot3_example/lib/turtlebot3_example
[7.254s] Installing turtlebot3_relative_move script to /home/ubuntu/turtlebot3_ws/install/turtlebot3_example/lib/turtlebot3_example
[7.256s] writing list of installed files to '/home/ubuntu/turtlebot3_ws/build/turtlebot3_example/install.log'
[7.479s] Invoked command in '/home/ubuntu/turtlebot3_ws/src/turtlebot3/turtlebot3_example' returned '0': PYTHONPATH=/home/ubuntu/turtlebot3_ws/build/turtlebot3_example/prefix_override:/usr/lib/python3/dist-packages/colcon_core/task/python/colcon_distutils_commands:/home/ubuntu/turtlebot3_ws/install/turtlebot3_example/lib/python3.10/site-packages:${PYTHONPATH} /usr/bin/python3 -W ignore:setup.py install is deprecated -W ignore:easy_install command is deprecated setup.py egg_info --egg-base ../../../build/turtlebot3_example build --build-base /home/ubuntu/turtlebot3_ws/build/turtlebot3_example/build install --record /home/ubuntu/turtlebot3_ws/build/turtlebot3_example/install.log --single-version-externally-managed install_data
