[3.019s] Invoking command in '/home/ubuntu/turtlebot3_ws/src/py_pubsub': PYTHONPATH=/home/ubuntu/turtlebot3_ws/build/py_pubsub/prefix_override:/usr/lib/python3/dist-packages/colcon_core/task/python/colcon_distutils_commands:/home/ubuntu/turtlebot3_ws/install/py_pubsub/lib/python3.10/site-packages:${PYTHONPATH} /usr/bin/python3 -W ignore:setup.py install is deprecated -W ignore:easy_install command is deprecated setup.py egg_info --egg-base ../../build/py_pubsub build --build-base /home/ubuntu/turtlebot3_ws/build/py_pubsub/build install --record /home/ubuntu/turtlebot3_ws/build/py_pubsub/install.log --single-version-externally-managed install_data
[3.954s] running egg_info
[3.956s] creating ../../build/py_pubsub/py_pubsub.egg-info
[3.956s] writing ../../build/py_pubsub/py_pubsub.egg-info/PKG-INFO
[3.958s] writing dependency_links to ../../build/py_pubsub/py_pubsub.egg-info/dependency_links.txt
[3.958s] writing entry points to ../../build/py_pubsub/py_pubsub.egg-info/entry_points.txt
[3.959s] writing requirements to ../../build/py_pubsub/py_pubsub.egg-info/requires.txt
[3.959s] writing top-level names to ../../build/py_pubsub/py_pubsub.egg-info/top_level.txt
[3.960s] writing manifest file '../../build/py_pubsub/py_pubsub.egg-info/SOURCES.txt'
[3.991s] reading manifest file '../../build/py_pubsub/py_pubsub.egg-info/SOURCES.txt'
[3.992s] writing manifest file '../../build/py_pubsub/py_pubsub.egg-info/SOURCES.txt'
[3.993s] running build
[3.994s] running build_py
[3.996s] creating /home/ubuntu/turtlebot3_ws/build/py_pubsub/build
[3.996s] creating /home/ubuntu/turtlebot3_ws/build/py_pubsub/build/lib
[3.997s] creating /home/ubuntu/turtlebot3_ws/build/py_pubsub/build/lib/py_pubsub
[3.997s] copying py_pubsub/__init__.py -> /home/ubuntu/turtlebot3_ws/build/py_pubsub/build/lib/py_pubsub
[3.998s] copying py_pubsub/publisher_member_function.py -> /home/ubuntu/turtlebot3_ws/build/py_pubsub/build/lib/py_pubsub
[3.999s] running install
[4.000s] running install_lib
[4.005s] creating /home/ubuntu/turtlebot3_ws/install/py_pubsub/lib/python3.10/site-packages/py_pubsub
[4.006s] copying /home/ubuntu/turtlebot3_ws/build/py_pubsub/build/lib/py_pubsub/__init__.py -> /home/ubuntu/turtlebot3_ws/install/py_pubsub/lib/python3.10/site-packages/py_pubsub
[4.007s] copying /home/ubuntu/turtlebot3_ws/build/py_pubsub/build/lib/py_pubsub/publisher_member_function.py -> /home/ubuntu/turtlebot3_ws/install/py_pubsub/lib/python3.10/site-packages/py_pubsub
[4.009s] byte-compiling /home/ubuntu/turtlebot3_ws/install/py_pubsub/lib/python3.10/site-packages/py_pubsub/__init__.py to __init__.cpython-310.pyc
[4.011s] byte-compiling /home/ubuntu/turtlebot3_ws/install/py_pubsub/lib/python3.10/site-packages/py_pubsub/publisher_member_function.py to publisher_member_function.cpython-310.pyc
[4.013s] running install_data
[4.013s] creating /home/ubuntu/turtlebot3_ws/install/py_pubsub/share/ament_index
[4.014s] creating /home/ubuntu/turtlebot3_ws/install/py_pubsub/share/ament_index/resource_index
[4.014s] creating /home/ubuntu/turtlebot3_ws/install/py_pubsub/share/ament_index/resource_index/packages
[4.014s] copying resource/py_pubsub -> /home/ubuntu/turtlebot3_ws/install/py_pubsub/share/ament_index/resource_index/packages
[4.015s] copying package.xml -> /home/ubuntu/turtlebot3_ws/install/py_pubsub/share/py_pubsub
[4.015s] running install_egg_info
[4.022s] Copying ../../build/py_pubsub/py_pubsub.egg-info to /home/ubuntu/turtlebot3_ws/install/py_pubsub/lib/python3.10/site-packages/py_pubsub-0.0.0-py3.10.egg-info
[4.028s] running install_scripts
[4.107s] Installing talker script to /home/ubuntu/turtlebot3_ws/install/py_pubsub/lib/py_pubsub
[4.108s] writing list of installed files to '/home/ubuntu/turtlebot3_ws/build/py_pubsub/install.log'
[4.222s] Invoked command in '/home/ubuntu/turtlebot3_ws/src/py_pubsub' returned '0': PYTHONPATH=/home/ubuntu/turtlebot3_ws/build/py_pubsub/prefix_override:/usr/lib/python3/dist-packages/colcon_core/task/python/colcon_distutils_commands:/home/ubuntu/turtlebot3_ws/install/py_pubsub/lib/python3.10/site-packages:${PYTHONPATH} /usr/bin/python3 -W ignore:setup.py install is deprecated -W ignore:easy_install command is deprecated setup.py egg_info --egg-base ../../build/py_pubsub build --build-base /home/ubuntu/turtlebot3_ws/build/py_pubsub/build install --record /home/ubuntu/turtlebot3_ws/build/py_pubsub/install.log --single-version-externally-managed install_data
