[0.000000] (-) TimerEvent: {}
[0.001584] (-) JobUnselected: {'identifier': 'coin_d4_driver'}
[0.002062] (-) JobUnselected: {'identifier': 'ld08_driver'}
[0.002243] (-) JobUnselected: {'identifier': 'turtlebot3'}
[0.002519] (-) JobUnselected: {'identifier': 'turtlebot3_bringup'}
[0.002701] (-) JobUnselected: {'identifier': 'turtlebot3_description'}
[0.002790] (-) JobUnselected: {'identifier': 'turtlebot3_example'}
[0.002865] (-) JobUnselected: {'identifier': 'turtlebot3_node'}
[0.002937] (-) JobUnselected: {'identifier': 'turtlebot3_teleop'}
[0.003018] (py_pubsub) JobQueued: {'identifier': 'py_pubsub', 'dependencies': OrderedDict()}
[0.003102] (py_pubsub) JobStarted: {'identifier': 'py_pubsub'}
[0.098617] (-) TimerEvent: {}
[0.199262] (-) TimerEvent: {}
[0.299919] (-) TimerEvent: {}
[0.400662] (-) TimerEvent: {}
[0.501630] (-) TimerEvent: {}
[0.602264] (-) TimerEvent: {}
[0.702890] (-) TimerEvent: {}
[0.803469] (-) TimerEvent: {}
[0.904070] (-) TimerEvent: {}
[1.004645] (-) TimerEvent: {}
[1.105435] (-) TimerEvent: {}
[1.174662] (py_pubsub) StderrLine: {'line': b'Traceback (most recent call last):\n  File "/usr/lib/python3/dist-packages/colcon_core/executor/__init__.py", line 91, in __call__\n    rc = await self.task(*args, **kwargs)\n  File "/usr/lib/python3/dist-packages/colcon_core/task/__init__.py", line 93, in __call__\n    return await task_method(*args, **kwargs)\n  File "/usr/lib/python3/dist-packages/colcon_ros/task/ament_python/build.py", line 51, in build\n    setup_py_data = get_setup_data(self.context.pkg, env)\n  File "/usr/lib/python3/dist-packages/colcon_core/task/python/__init__.py", line 20, in get_setup_data\n    return dict(pkg.metadata[key](env))\n  File "/usr/lib/python3/dist-packages/colcon_ros/package_augmentation/ros_ament_python.py", line 57, in getter\n    return get_setup_information(\n  File "/usr/lib/python3/dist-packages/colcon_python_setup_py/package_identification/python_setup_py.py", line 249, in get_setup_information\n    _setup_information_cache[hashable_env] = _get_setup_information(\n  File "/usr/lib/python3/dist-packages/colcon_python_setup_py/package_identification/python_setup_py.py", line 296, in _get_setup_information\n    result = subprocess.run(\n  File "/usr/lib/python3.10/subprocess.py", line 526, in run\n    raise CalledProcessError(retcode, process.args,\nsubprocess.CalledProcessError: Command \'[\'/usr/bin/python3\', \'-c\', \'import sys;from contextlib import suppress;exec("with suppress(ImportError):    from setuptools.extern.packaging.specifiers    import SpecifierSet");exec("with suppress(ImportError):    from packaging.specifiers import SpecifierSet");from distutils.core import run_setup;dist = run_setup(    \\\'setup.py\\\', script_args=(\\\'--dry-run\\\',), stop_after=\\\'config\\\');skip_keys = (\\\'cmdclass\\\', \\\'distclass\\\', \\\'ext_modules\\\', \\\'metadata\\\');data = {    key: value for key, value in dist.__dict__.items()     if (        not key.startswith(\\\'_\\\') and         not callable(value) and         key not in skip_keys and         key not in dist.display_option_names    )};data[\\\'metadata\\\'] = {    k: v for k, v in dist.metadata.__dict__.items()     if k not in (\\\'license_files\\\', \\\'provides_extras\\\')};sys.stdout.buffer.write(repr(data).encode(\\\'utf-8\\\'))\']\' returned non-zero exit status 1.\n'}
[1.176664] (py_pubsub) JobEnded: {'identifier': 'py_pubsub', 'rc': 1}
[1.186405] (-) EventReactorShutdown: {}
