[0.893s] DEBUG:colcon:Command line arguments: ['/usr/bin/colcon', 'build', '--packages-select', 'servo_solenoid']
[0.893s] DEBUG:colcon:Parsed command line arguments: Namespace(log_base=None, log_level=None, verb_name='build', build_base='build', install_base='install', merge_install=False, symlink_install=False, test_result_base=None, continue_on_error=False, executor='parallel', parallel_workers=4, event_handlers=None, ignore_user_meta=False, metas=['./colcon.meta'], base_paths=['.'], packages_ignore=None, packages_ignore_regex=None, paths=None, packages_up_to=None, packages_up_to_regex=None, packages_above=None, packages_above_and_dependencies=None, packages_above_depth=None, packages_select_by_dep=None, packages_skip_by_dep=None, packages_skip_up_to=None, packages_select_build_failed=False, packages_skip_build_finished=False, packages_select_test_failures=False, packages_skip_test_passed=False, packages_select=['servo_solenoid'], packages_skip=None, packages_select_regex=None, packages_skip_regex=None, packages_start=None, packages_end=None, allow_overriding=[], cmake_args=None, cmake_target=None, cmake_target_skip_unavailable=False, cmake_clean_cache=False, cmake_clean_first=False, cmake_force_configure=False, ament_cmake_args=None, catkin_cmake_args=None, catkin_skip_building_tests=False, verb_parser=<colcon_defaults.argument_parser.defaults.DefaultArgumentsDecorator object at 0xffff81347220>, verb_extension=<colcon_core.verb.build.BuildVerb object at 0xffff814b0730>, main=<bound method BuildVerb.main of <colcon_core.verb.build.BuildVerb object at 0xffff814b0730>>)
[1.869s] Level 1:colcon.colcon_core.package_discovery:discover_packages(colcon_meta) check parameters
[1.869s] Level 1:colcon.colcon_core.package_discovery:discover_packages(recursive) check parameters
[1.870s] Level 1:colcon.colcon_core.package_discovery:discover_packages(ignore) check parameters
[1.870s] Level 1:colcon.colcon_core.package_discovery:discover_packages(path) check parameters
[1.870s] Level 1:colcon.colcon_core.package_discovery:discover_packages(colcon_meta) discover
[1.870s] Level 1:colcon.colcon_core.package_discovery:discover_packages(recursive) discover
[1.870s] INFO:colcon.colcon_core.package_discovery:Crawling recursively for packages in '/home/ubuntu/turtlebot3_ws'
[1.871s] Level 1:colcon.colcon_core.package_identification:_identify(.) by extensions ['ignore', 'ignore_ament_install']
[1.871s] Level 1:colcon.colcon_core.package_identification:_identify(.) by extension 'ignore'
[1.872s] Level 1:colcon.colcon_core.package_identification:_identify(.) by extension 'ignore_ament_install'
[1.872s] Level 1:colcon.colcon_core.package_identification:_identify(.) by extensions ['colcon_pkg']
[1.872s] Level 1:colcon.colcon_core.package_identification:_identify(.) by extension 'colcon_pkg'
[1.873s] Level 1:colcon.colcon_core.package_identification:_identify(.) by extensions ['colcon_meta']
[1.873s] Level 1:colcon.colcon_core.package_identification:_identify(.) by extension 'colcon_meta'
[1.873s] Level 1:colcon.colcon_core.package_identification:_identify(.) by extensions ['ros']
[1.873s] Level 1:colcon.colcon_core.package_identification:_identify(.) by extension 'ros'
[1.948s] Level 1:colcon.colcon_core.package_identification:_identify(.) by extensions ['cmake', 'python']
[1.948s] Level 1:colcon.colcon_core.package_identification:_identify(.) by extension 'cmake'
[1.949s] Level 1:colcon.colcon_core.package_identification:_identify(.) by extension 'python'
[1.949s] Level 1:colcon.colcon_core.package_identification:_identify(.) by extensions ['python_setup_py']
[1.949s] Level 1:colcon.colcon_core.package_identification:_identify(.) by extension 'python_setup_py'
[1.950s] Level 1:colcon.colcon_core.package_identification:_identify(EE) by extensions ['ignore', 'ignore_ament_install']
[1.951s] Level 1:colcon.colcon_core.package_identification:_identify(EE) by extension 'ignore'
[1.951s] Level 1:colcon.colcon_core.package_identification:_identify(EE) by extension 'ignore_ament_install'
[1.951s] Level 1:colcon.colcon_core.package_identification:_identify(EE) by extensions ['colcon_pkg']
[1.951s] Level 1:colcon.colcon_core.package_identification:_identify(EE) by extension 'colcon_pkg'
[1.951s] Level 1:colcon.colcon_core.package_identification:_identify(EE) by extensions ['colcon_meta']
[1.952s] Level 1:colcon.colcon_core.package_identification:_identify(EE) by extension 'colcon_meta'
[1.952s] Level 1:colcon.colcon_core.package_identification:_identify(EE) by extensions ['ros']
[1.952s] Level 1:colcon.colcon_core.package_identification:_identify(EE) by extension 'ros'
[1.952s] Level 1:colcon.colcon_core.package_identification:_identify(EE) by extensions ['cmake', 'python']
[1.952s] Level 1:colcon.colcon_core.package_identification:_identify(EE) by extension 'cmake'
[1.953s] Level 1:colcon.colcon_core.package_identification:_identify(EE) by extension 'python'
[1.953s] Level 1:colcon.colcon_core.package_identification:_identify(EE) by extensions ['python_setup_py']
[1.953s] Level 1:colcon.colcon_core.package_identification:_identify(EE) by extension 'python_setup_py'
[1.953s] Level 1:colcon.colcon_core.package_identification:_identify(build) by extensions ['ignore', 'ignore_ament_install']
[1.954s] Level 1:colcon.colcon_core.package_identification:_identify(build) by extension 'ignore'
[1.954s] Level 1:colcon.colcon_core.package_identification:_identify(build) ignored
[1.954s] Level 1:colcon.colcon_core.package_identification:_identify(install) by extensions ['ignore', 'ignore_ament_install']
[1.955s] Level 1:colcon.colcon_core.package_identification:_identify(install) by extension 'ignore'
[1.955s] Level 1:colcon.colcon_core.package_identification:_identify(install) ignored
[1.956s] Level 1:colcon.colcon_core.package_identification:_identify(log) by extensions ['ignore', 'ignore_ament_install']
[1.956s] Level 1:colcon.colcon_core.package_identification:_identify(log) by extension 'ignore'
[1.956s] Level 1:colcon.colcon_core.package_identification:_identify(log) ignored
[1.957s] Level 1:colcon.colcon_core.package_identification:_identify(src) by extensions ['ignore', 'ignore_ament_install']
[1.957s] Level 1:colcon.colcon_core.package_identification:_identify(src) by extension 'ignore'
[1.957s] Level 1:colcon.colcon_core.package_identification:_identify(src) by extension 'ignore_ament_install'
[1.957s] Level 1:colcon.colcon_core.package_identification:_identify(src) by extensions ['colcon_pkg']
[1.957s] Level 1:colcon.colcon_core.package_identification:_identify(src) by extension 'colcon_pkg'
[1.958s] Level 1:colcon.colcon_core.package_identification:_identify(src) by extensions ['colcon_meta']
[1.958s] Level 1:colcon.colcon_core.package_identification:_identify(src) by extension 'colcon_meta'
[1.958s] Level 1:colcon.colcon_core.package_identification:_identify(src) by extensions ['ros']
[1.958s] Level 1:colcon.colcon_core.package_identification:_identify(src) by extension 'ros'
[1.958s] Level 1:colcon.colcon_core.package_identification:_identify(src) by extensions ['cmake', 'python']
[1.958s] Level 1:colcon.colcon_core.package_identification:_identify(src) by extension 'cmake'
[1.959s] Level 1:colcon.colcon_core.package_identification:_identify(src) by extension 'python'
[1.959s] Level 1:colcon.colcon_core.package_identification:_identify(src) by extensions ['python_setup_py']
[1.959s] Level 1:colcon.colcon_core.package_identification:_identify(src) by extension 'python_setup_py'
[1.960s] Level 1:colcon.colcon_core.package_identification:_identify(src/coin_d4_driver) by extensions ['ignore', 'ignore_ament_install']
[1.960s] Level 1:colcon.colcon_core.package_identification:_identify(src/coin_d4_driver) by extension 'ignore'
[1.961s] Level 1:colcon.colcon_core.package_identification:_identify(src/coin_d4_driver) by extension 'ignore_ament_install'
[1.961s] Level 1:colcon.colcon_core.package_identification:_identify(src/coin_d4_driver) by extensions ['colcon_pkg']
[1.961s] Level 1:colcon.colcon_core.package_identification:_identify(src/coin_d4_driver) by extension 'colcon_pkg'
[1.961s] Level 1:colcon.colcon_core.package_identification:_identify(src/coin_d4_driver) by extensions ['colcon_meta']
[1.961s] Level 1:colcon.colcon_core.package_identification:_identify(src/coin_d4_driver) by extension 'colcon_meta'
[1.962s] Level 1:colcon.colcon_core.package_identification:_identify(src/coin_d4_driver) by extensions ['ros']
[1.962s] Level 1:colcon.colcon_core.package_identification:_identify(src/coin_d4_driver) by extension 'ros'
[1.980s] DEBUG:colcon.colcon_core.package_identification:Package 'src/coin_d4_driver' with type 'ros.ament_cmake' and name 'coin_d4_driver'
[1.981s] Level 1:colcon.colcon_core.package_identification:_identify(src/ld08_driver) by extensions ['ignore', 'ignore_ament_install']
[1.982s] Level 1:colcon.colcon_core.package_identification:_identify(src/ld08_driver) by extension 'ignore'
[1.982s] Level 1:colcon.colcon_core.package_identification:_identify(src/ld08_driver) by extension 'ignore_ament_install'
[1.982s] Level 1:colcon.colcon_core.package_identification:_identify(src/ld08_driver) by extensions ['colcon_pkg']
[1.982s] Level 1:colcon.colcon_core.package_identification:_identify(src/ld08_driver) by extension 'colcon_pkg'
[1.982s] Level 1:colcon.colcon_core.package_identification:_identify(src/ld08_driver) by extensions ['colcon_meta']
[1.983s] Level 1:colcon.colcon_core.package_identification:_identify(src/ld08_driver) by extension 'colcon_meta'
[1.983s] Level 1:colcon.colcon_core.package_identification:_identify(src/ld08_driver) by extensions ['ros']
[1.983s] Level 1:colcon.colcon_core.package_identification:_identify(src/ld08_driver) by extension 'ros'
[1.987s] DEBUG:colcon.colcon_core.package_identification:Package 'src/ld08_driver' with type 'ros.ament_cmake' and name 'ld08_driver'
[1.988s] Level 1:colcon.colcon_core.package_identification:_identify(src/py_pubsub) by extensions ['ignore', 'ignore_ament_install']
[1.989s] Level 1:colcon.colcon_core.package_identification:_identify(src/py_pubsub) by extension 'ignore'
[1.989s] Level 1:colcon.colcon_core.package_identification:_identify(src/py_pubsub) by extension 'ignore_ament_install'
[1.989s] Level 1:colcon.colcon_core.package_identification:_identify(src/py_pubsub) by extensions ['colcon_pkg']
[1.989s] Level 1:colcon.colcon_core.package_identification:_identify(src/py_pubsub) by extension 'colcon_pkg'
[1.989s] Level 1:colcon.colcon_core.package_identification:_identify(src/py_pubsub) by extensions ['colcon_meta']
[1.989s] Level 1:colcon.colcon_core.package_identification:_identify(src/py_pubsub) by extension 'colcon_meta'
[1.990s] Level 1:colcon.colcon_core.package_identification:_identify(src/py_pubsub) by extensions ['ros']
[1.990s] Level 1:colcon.colcon_core.package_identification:_identify(src/py_pubsub) by extension 'ros'
[1.993s] DEBUG:colcon.colcon_core.package_identification:Package 'src/py_pubsub' with type 'ros.ament_python' and name 'py_pubsub'
[1.994s] Level 1:colcon.colcon_core.package_identification:_identify(src/servo_solenoid) by extensions ['ignore', 'ignore_ament_install']
[1.994s] Level 1:colcon.colcon_core.package_identification:_identify(src/servo_solenoid) by extension 'ignore'
[1.994s] Level 1:colcon.colcon_core.package_identification:_identify(src/servo_solenoid) by extension 'ignore_ament_install'
[1.995s] Level 1:colcon.colcon_core.package_identification:_identify(src/servo_solenoid) by extensions ['colcon_pkg']
[1.995s] Level 1:colcon.colcon_core.package_identification:_identify(src/servo_solenoid) by extension 'colcon_pkg'
[1.995s] Level 1:colcon.colcon_core.package_identification:_identify(src/servo_solenoid) by extensions ['colcon_meta']
[1.995s] Level 1:colcon.colcon_core.package_identification:_identify(src/servo_solenoid) by extension 'colcon_meta'
[1.995s] Level 1:colcon.colcon_core.package_identification:_identify(src/servo_solenoid) by extensions ['ros']
[1.995s] Level 1:colcon.colcon_core.package_identification:_identify(src/servo_solenoid) by extension 'ros'
[1.999s] DEBUG:colcon.colcon_core.package_identification:Package 'src/servo_solenoid' with type 'ros.ament_python' and name 'servo_solenoid'
[2.000s] Level 1:colcon.colcon_core.package_identification:_identify(src/turtlebot3) by extensions ['ignore', 'ignore_ament_install']
[2.001s] Level 1:colcon.colcon_core.package_identification:_identify(src/turtlebot3) by extension 'ignore'
[2.001s] Level 1:colcon.colcon_core.package_identification:_identify(src/turtlebot3) by extension 'ignore_ament_install'
[2.001s] Level 1:colcon.colcon_core.package_identification:_identify(src/turtlebot3) by extensions ['colcon_pkg']
[2.001s] Level 1:colcon.colcon_core.package_identification:_identify(src/turtlebot3) by extension 'colcon_pkg'
[2.001s] Level 1:colcon.colcon_core.package_identification:_identify(src/turtlebot3) by extensions ['colcon_meta']
[2.002s] Level 1:colcon.colcon_core.package_identification:_identify(src/turtlebot3) by extension 'colcon_meta'
[2.002s] Level 1:colcon.colcon_core.package_identification:_identify(src/turtlebot3) by extensions ['ros']
[2.002s] Level 1:colcon.colcon_core.package_identification:_identify(src/turtlebot3) by extension 'ros'
[2.002s] Level 1:colcon.colcon_core.package_identification:_identify(src/turtlebot3) by extensions ['cmake', 'python']
[2.002s] Level 1:colcon.colcon_core.package_identification:_identify(src/turtlebot3) by extension 'cmake'
[2.003s] Level 1:colcon.colcon_core.package_identification:_identify(src/turtlebot3) by extension 'python'
[2.003s] Level 1:colcon.colcon_core.package_identification:_identify(src/turtlebot3) by extensions ['python_setup_py']
[2.003s] Level 1:colcon.colcon_core.package_identification:_identify(src/turtlebot3) by extension 'python_setup_py'
[2.004s] Level 1:colcon.colcon_core.package_identification:_identify(src/turtlebot3/docker) by extensions ['ignore', 'ignore_ament_install']
[2.004s] Level 1:colcon.colcon_core.package_identification:_identify(src/turtlebot3/docker) by extension 'ignore'
[2.005s] Level 1:colcon.colcon_core.package_identification:_identify(src/turtlebot3/docker) by extension 'ignore_ament_install'
[2.005s] Level 1:colcon.colcon_core.package_identification:_identify(src/turtlebot3/docker) by extensions ['colcon_pkg']
[2.005s] Level 1:colcon.colcon_core.package_identification:_identify(src/turtlebot3/docker) by extension 'colcon_pkg'
[2.005s] Level 1:colcon.colcon_core.package_identification:_identify(src/turtlebot3/docker) by extensions ['colcon_meta']
[2.005s] Level 1:colcon.colcon_core.package_identification:_identify(src/turtlebot3/docker) by extension 'colcon_meta'
[2.005s] Level 1:colcon.colcon_core.package_identification:_identify(src/turtlebot3/docker) by extensions ['ros']
[2.006s] Level 1:colcon.colcon_core.package_identification:_identify(src/turtlebot3/docker) by extension 'ros'
[2.006s] Level 1:colcon.colcon_core.package_identification:_identify(src/turtlebot3/docker) by extensions ['cmake', 'python']
[2.006s] Level 1:colcon.colcon_core.package_identification:_identify(src/turtlebot3/docker) by extension 'cmake'
[2.006s] Level 1:colcon.colcon_core.package_identification:_identify(src/turtlebot3/docker) by extension 'python'
[2.006s] Level 1:colcon.colcon_core.package_identification:_identify(src/turtlebot3/docker) by extensions ['python_setup_py']
[2.007s] Level 1:colcon.colcon_core.package_identification:_identify(src/turtlebot3/docker) by extension 'python_setup_py'
[2.008s] Level 1:colcon.colcon_core.package_identification:_identify(src/turtlebot3/docker/humble) by extensions ['ignore', 'ignore_ament_install']
[2.008s] Level 1:colcon.colcon_core.package_identification:_identify(src/turtlebot3/docker/humble) by extension 'ignore'
[2.008s] Level 1:colcon.colcon_core.package_identification:_identify(src/turtlebot3/docker/humble) by extension 'ignore_ament_install'
[2.009s] Level 1:colcon.colcon_core.package_identification:_identify(src/turtlebot3/docker/humble) by extensions ['colcon_pkg']
[2.009s] Level 1:colcon.colcon_core.package_identification:_identify(src/turtlebot3/docker/humble) by extension 'colcon_pkg'
[2.009s] Level 1:colcon.colcon_core.package_identification:_identify(src/turtlebot3/docker/humble) by extensions ['colcon_meta']
[2.009s] Level 1:colcon.colcon_core.package_identification:_identify(src/turtlebot3/docker/humble) by extension 'colcon_meta'
[2.009s] Level 1:colcon.colcon_core.package_identification:_identify(src/turtlebot3/docker/humble) by extensions ['ros']
[2.009s] Level 1:colcon.colcon_core.package_identification:_identify(src/turtlebot3/docker/humble) by extension 'ros'
[2.010s] Level 1:colcon.colcon_core.package_identification:_identify(src/turtlebot3/docker/humble) by extensions ['cmake', 'python']
[2.010s] Level 1:colcon.colcon_core.package_identification:_identify(src/turtlebot3/docker/humble) by extension 'cmake'
[2.010s] Level 1:colcon.colcon_core.package_identification:_identify(src/turtlebot3/docker/humble) by extension 'python'
[2.010s] Level 1:colcon.colcon_core.package_identification:_identify(src/turtlebot3/docker/humble) by extensions ['python_setup_py']
[2.010s] Level 1:colcon.colcon_core.package_identification:_identify(src/turtlebot3/docker/humble) by extension 'python_setup_py'
[2.011s] Level 1:colcon.colcon_core.package_identification:_identify(src/turtlebot3/docker/jazzy) by extensions ['ignore', 'ignore_ament_install']
[2.012s] Level 1:colcon.colcon_core.package_identification:_identify(src/turtlebot3/docker/jazzy) by extension 'ignore'
[2.012s] Level 1:colcon.colcon_core.package_identification:_identify(src/turtlebot3/docker/jazzy) by extension 'ignore_ament_install'
[2.012s] Level 1:colcon.colcon_core.package_identification:_identify(src/turtlebot3/docker/jazzy) by extensions ['colcon_pkg']
[2.012s] Level 1:colcon.colcon_core.package_identification:_identify(src/turtlebot3/docker/jazzy) by extension 'colcon_pkg'
[2.013s] Level 1:colcon.colcon_core.package_identification:_identify(src/turtlebot3/docker/jazzy) by extensions ['colcon_meta']
[2.013s] Level 1:colcon.colcon_core.package_identification:_identify(src/turtlebot3/docker/jazzy) by extension 'colcon_meta'
[2.013s] Level 1:colcon.colcon_core.package_identification:_identify(src/turtlebot3/docker/jazzy) by extensions ['ros']
[2.013s] Level 1:colcon.colcon_core.package_identification:_identify(src/turtlebot3/docker/jazzy) by extension 'ros'
[2.013s] Level 1:colcon.colcon_core.package_identification:_identify(src/turtlebot3/docker/jazzy) by extensions ['cmake', 'python']
[2.014s] Level 1:colcon.colcon_core.package_identification:_identify(src/turtlebot3/docker/jazzy) by extension 'cmake'
[2.014s] Level 1:colcon.colcon_core.package_identification:_identify(src/turtlebot3/docker/jazzy) by extension 'python'
[2.014s] Level 1:colcon.colcon_core.package_identification:_identify(src/turtlebot3/docker/jazzy) by extensions ['python_setup_py']
[2.014s] Level 1:colcon.colcon_core.package_identification:_identify(src/turtlebot3/docker/jazzy) by extension 'python_setup_py'
[2.015s] Level 1:colcon.colcon_core.package_identification:_identify(src/turtlebot3/turtlebot3) by extensions ['ignore', 'ignore_ament_install']
[2.015s] Level 1:colcon.colcon_core.package_identification:_identify(src/turtlebot3/turtlebot3) by extension 'ignore'
[2.016s] Level 1:colcon.colcon_core.package_identification:_identify(src/turtlebot3/turtlebot3) by extension 'ignore_ament_install'
[2.016s] Level 1:colcon.colcon_core.package_identification:_identify(src/turtlebot3/turtlebot3) by extensions ['colcon_pkg']
[2.016s] Level 1:colcon.colcon_core.package_identification:_identify(src/turtlebot3/turtlebot3) by extension 'colcon_pkg'
[2.016s] Level 1:colcon.colcon_core.package_identification:_identify(src/turtlebot3/turtlebot3) by extensions ['colcon_meta']
[2.016s] Level 1:colcon.colcon_core.package_identification:_identify(src/turtlebot3/turtlebot3) by extension 'colcon_meta'
[2.017s] Level 1:colcon.colcon_core.package_identification:_identify(src/turtlebot3/turtlebot3) by extensions ['ros']
[2.017s] Level 1:colcon.colcon_core.package_identification:_identify(src/turtlebot3/turtlebot3) by extension 'ros'
[2.020s] DEBUG:colcon.colcon_core.package_identification:Package 'src/turtlebot3/turtlebot3' with type 'ros.ament_cmake' and name 'turtlebot3'
[2.021s] Level 1:colcon.colcon_core.package_identification:_identify(src/turtlebot3/turtlebot3_bringup) by extensions ['ignore', 'ignore_ament_install']
[2.022s] Level 1:colcon.colcon_core.package_identification:_identify(src/turtlebot3/turtlebot3_bringup) by extension 'ignore'
[2.022s] Level 1:colcon.colcon_core.package_identification:_identify(src/turtlebot3/turtlebot3_bringup) by extension 'ignore_ament_install'
[2.022s] Level 1:colcon.colcon_core.package_identification:_identify(src/turtlebot3/turtlebot3_bringup) by extensions ['colcon_pkg']
[2.023s] Level 1:colcon.colcon_core.package_identification:_identify(src/turtlebot3/turtlebot3_bringup) by extension 'colcon_pkg'
[2.023s] Level 1:colcon.colcon_core.package_identification:_identify(src/turtlebot3/turtlebot3_bringup) by extensions ['colcon_meta']
[2.023s] Level 1:colcon.colcon_core.package_identification:_identify(src/turtlebot3/turtlebot3_bringup) by extension 'colcon_meta'
[2.023s] Level 1:colcon.colcon_core.package_identification:_identify(src/turtlebot3/turtlebot3_bringup) by extensions ['ros']
[2.023s] Level 1:colcon.colcon_core.package_identification:_identify(src/turtlebot3/turtlebot3_bringup) by extension 'ros'
[2.026s] DEBUG:colcon.colcon_core.package_identification:Package 'src/turtlebot3/turtlebot3_bringup' with type 'ros.ament_cmake' and name 'turtlebot3_bringup'
[2.028s] Level 1:colcon.colcon_core.package_identification:_identify(src/turtlebot3/turtlebot3_description) by extensions ['ignore', 'ignore_ament_install']
[2.028s] Level 1:colcon.colcon_core.package_identification:_identify(src/turtlebot3/turtlebot3_description) by extension 'ignore'
[2.028s] Level 1:colcon.colcon_core.package_identification:_identify(src/turtlebot3/turtlebot3_description) by extension 'ignore_ament_install'
[2.029s] Level 1:colcon.colcon_core.package_identification:_identify(src/turtlebot3/turtlebot3_description) by extensions ['colcon_pkg']
[2.029s] Level 1:colcon.colcon_core.package_identification:_identify(src/turtlebot3/turtlebot3_description) by extension 'colcon_pkg'
[2.029s] Level 1:colcon.colcon_core.package_identification:_identify(src/turtlebot3/turtlebot3_description) by extensions ['colcon_meta']
[2.029s] Level 1:colcon.colcon_core.package_identification:_identify(src/turtlebot3/turtlebot3_description) by extension 'colcon_meta'
[2.029s] Level 1:colcon.colcon_core.package_identification:_identify(src/turtlebot3/turtlebot3_description) by extensions ['ros']
[2.029s] Level 1:colcon.colcon_core.package_identification:_identify(src/turtlebot3/turtlebot3_description) by extension 'ros'
[2.033s] DEBUG:colcon.colcon_core.package_identification:Package 'src/turtlebot3/turtlebot3_description' with type 'ros.ament_cmake' and name 'turtlebot3_description'
[2.034s] Level 1:colcon.colcon_core.package_identification:_identify(src/turtlebot3/turtlebot3_example) by extensions ['ignore', 'ignore_ament_install']
[2.035s] Level 1:colcon.colcon_core.package_identification:_identify(src/turtlebot3/turtlebot3_example) by extension 'ignore'
[2.035s] Level 1:colcon.colcon_core.package_identification:_identify(src/turtlebot3/turtlebot3_example) by extension 'ignore_ament_install'
[2.036s] Level 1:colcon.colcon_core.package_identification:_identify(src/turtlebot3/turtlebot3_example) by extensions ['colcon_pkg']
[2.036s] Level 1:colcon.colcon_core.package_identification:_identify(src/turtlebot3/turtlebot3_example) by extension 'colcon_pkg'
[2.036s] Level 1:colcon.colcon_core.package_identification:_identify(src/turtlebot3/turtlebot3_example) by extensions ['colcon_meta']
[2.036s] Level 1:colcon.colcon_core.package_identification:_identify(src/turtlebot3/turtlebot3_example) by extension 'colcon_meta'
[2.036s] Level 1:colcon.colcon_core.package_identification:_identify(src/turtlebot3/turtlebot3_example) by extensions ['ros']
[2.036s] Level 1:colcon.colcon_core.package_identification:_identify(src/turtlebot3/turtlebot3_example) by extension 'ros'
[2.041s] DEBUG:colcon.colcon_core.package_identification:Package 'src/turtlebot3/turtlebot3_example' with type 'ros.ament_python' and name 'turtlebot3_example'
[2.042s] Level 1:colcon.colcon_core.package_identification:_identify(src/turtlebot3/turtlebot3_node) by extensions ['ignore', 'ignore_ament_install']
[2.043s] Level 1:colcon.colcon_core.package_identification:_identify(src/turtlebot3/turtlebot3_node) by extension 'ignore'
[2.043s] Level 1:colcon.colcon_core.package_identification:_identify(src/turtlebot3/turtlebot3_node) by extension 'ignore_ament_install'
[2.043s] Level 1:colcon.colcon_core.package_identification:_identify(src/turtlebot3/turtlebot3_node) by extensions ['colcon_pkg']
[2.044s] Level 1:colcon.colcon_core.package_identification:_identify(src/turtlebot3/turtlebot3_node) by extension 'colcon_pkg'
[2.044s] Level 1:colcon.colcon_core.package_identification:_identify(src/turtlebot3/turtlebot3_node) by extensions ['colcon_meta']
[2.044s] Level 1:colcon.colcon_core.package_identification:_identify(src/turtlebot3/turtlebot3_node) by extension 'colcon_meta'
[2.044s] Level 1:colcon.colcon_core.package_identification:_identify(src/turtlebot3/turtlebot3_node) by extensions ['ros']
[2.044s] Level 1:colcon.colcon_core.package_identification:_identify(src/turtlebot3/turtlebot3_node) by extension 'ros'
[2.051s] DEBUG:colcon.colcon_core.package_identification:Package 'src/turtlebot3/turtlebot3_node' with type 'ros.ament_cmake' and name 'turtlebot3_node'
[2.052s] Level 1:colcon.colcon_core.package_identification:_identify(src/turtlebot3/turtlebot3_teleop) by extensions ['ignore', 'ignore_ament_install']
[2.052s] Level 1:colcon.colcon_core.package_identification:_identify(src/turtlebot3/turtlebot3_teleop) by extension 'ignore'
[2.052s] Level 1:colcon.colcon_core.package_identification:_identify(src/turtlebot3/turtlebot3_teleop) by extension 'ignore_ament_install'
[2.053s] Level 1:colcon.colcon_core.package_identification:_identify(src/turtlebot3/turtlebot3_teleop) by extensions ['colcon_pkg']
[2.053s] Level 1:colcon.colcon_core.package_identification:_identify(src/turtlebot3/turtlebot3_teleop) by extension 'colcon_pkg'
[2.053s] Level 1:colcon.colcon_core.package_identification:_identify(src/turtlebot3/turtlebot3_teleop) by extensions ['colcon_meta']
[2.053s] Level 1:colcon.colcon_core.package_identification:_identify(src/turtlebot3/turtlebot3_teleop) by extension 'colcon_meta'
[2.053s] Level 1:colcon.colcon_core.package_identification:_identify(src/turtlebot3/turtlebot3_teleop) by extensions ['ros']
[2.053s] Level 1:colcon.colcon_core.package_identification:_identify(src/turtlebot3/turtlebot3_teleop) by extension 'ros'
[2.056s] DEBUG:colcon.colcon_core.package_identification:Package 'src/turtlebot3/turtlebot3_teleop' with type 'ros.ament_python' and name 'turtlebot3_teleop'
[2.057s] Level 1:colcon.colcon_core.package_discovery:discover_packages(recursive) using defaults
[2.057s] Level 1:colcon.colcon_core.package_discovery:discover_packages(ignore) discover
[2.057s] Level 1:colcon.colcon_core.package_discovery:discover_packages(ignore) using defaults
[2.057s] Level 1:colcon.colcon_core.package_discovery:discover_packages(path) discover
[2.057s] Level 1:colcon.colcon_core.package_discovery:discover_packages(path) using defaults
[2.186s] INFO:colcon.colcon_core.package_selection:Skipping not selected package 'coin_d4_driver' in 'src/coin_d4_driver'
[2.187s] INFO:colcon.colcon_core.package_selection:Skipping not selected package 'ld08_driver' in 'src/ld08_driver'
[2.187s] INFO:colcon.colcon_core.package_selection:Skipping not selected package 'py_pubsub' in 'src/py_pubsub'
[2.187s] INFO:colcon.colcon_core.package_selection:Skipping not selected package 'turtlebot3_description' in 'src/turtlebot3/turtlebot3_description'
[2.187s] INFO:colcon.colcon_core.package_selection:Skipping not selected package 'turtlebot3_example' in 'src/turtlebot3/turtlebot3_example'
[2.187s] INFO:colcon.colcon_core.package_selection:Skipping not selected package 'turtlebot3_node' in 'src/turtlebot3/turtlebot3_node'
[2.187s] INFO:colcon.colcon_core.package_selection:Skipping not selected package 'turtlebot3_teleop' in 'src/turtlebot3/turtlebot3_teleop'
[2.187s] INFO:colcon.colcon_core.package_selection:Skipping not selected package 'turtlebot3_bringup' in 'src/turtlebot3/turtlebot3_bringup'
[2.188s] INFO:colcon.colcon_core.package_selection:Skipping not selected package 'turtlebot3' in 'src/turtlebot3/turtlebot3'
[2.190s] Level 1:colcon.colcon_core.package_discovery:discover_packages(prefix_path) check parameters
[2.190s] Level 1:colcon.colcon_core.package_discovery:discover_packages(prefix_path) discover
[2.208s] DEBUG:colcon.colcon_installed_package_information.package_discovery:Found 10 installed packages in /home/ubuntu/turtlebot3_ws/install
[2.216s] DEBUG:colcon.colcon_installed_package_information.package_discovery:Found 197 installed packages in /opt/ros/humble
[2.220s] Level 1:colcon.colcon_core.package_discovery:discover_packages(prefix_path) using defaults
[2.424s] Level 5:colcon.colcon_core.verb:set package 'servo_solenoid' build argument 'cmake_args' from command line to 'None'
[2.424s] Level 5:colcon.colcon_core.verb:set package 'servo_solenoid' build argument 'cmake_target' from command line to 'None'
[2.424s] Level 5:colcon.colcon_core.verb:set package 'servo_solenoid' build argument 'cmake_target_skip_unavailable' from command line to 'False'
[2.424s] Level 5:colcon.colcon_core.verb:set package 'servo_solenoid' build argument 'cmake_clean_cache' from command line to 'False'
[2.424s] Level 5:colcon.colcon_core.verb:set package 'servo_solenoid' build argument 'cmake_clean_first' from command line to 'False'
[2.424s] Level 5:colcon.colcon_core.verb:set package 'servo_solenoid' build argument 'cmake_force_configure' from command line to 'False'
[2.424s] Level 5:colcon.colcon_core.verb:set package 'servo_solenoid' build argument 'ament_cmake_args' from command line to 'None'
[2.424s] Level 5:colcon.colcon_core.verb:set package 'servo_solenoid' build argument 'catkin_cmake_args' from command line to 'None'
[2.424s] Level 5:colcon.colcon_core.verb:set package 'servo_solenoid' build argument 'catkin_skip_building_tests' from command line to 'False'
[2.425s] DEBUG:colcon.colcon_core.verb:Building package 'servo_solenoid' with the following arguments: {'ament_cmake_args': None, 'build_base': '/home/ubuntu/turtlebot3_ws/build/servo_solenoid', 'catkin_cmake_args': None, 'catkin_skip_building_tests': False, 'cmake_args': None, 'cmake_clean_cache': False, 'cmake_clean_first': False, 'cmake_force_configure': False, 'cmake_target': None, 'cmake_target_skip_unavailable': False, 'install_base': '/home/ubuntu/turtlebot3_ws/install/servo_solenoid', 'merge_install': False, 'path': '/home/ubuntu/turtlebot3_ws/src/servo_solenoid', 'symlink_install': False, 'test_result_base': None}
[2.425s] INFO:colcon.colcon_core.executor:Executing jobs using 'parallel' executor
[2.428s] DEBUG:colcon.colcon_parallel_executor.executor.parallel:run_until_complete
[2.429s] INFO:colcon.colcon_ros.task.ament_python.build:Building ROS package in '/home/ubuntu/turtlebot3_ws/src/servo_solenoid' with build type 'ament_python'
[2.429s] Level 1:colcon.colcon_core.shell:create_environment_hook('servo_solenoid', 'ament_prefix_path')
[2.450s] INFO:colcon.colcon_core.plugin_system:Skipping extension 'colcon_core.shell.bat': Not used on non-Windows systems
[2.451s] INFO:colcon.colcon_core.shell:Creating environment hook '/home/ubuntu/turtlebot3_ws/install/servo_solenoid/share/servo_solenoid/hook/ament_prefix_path.ps1'
[2.456s] INFO:colcon.colcon_core.shell:Creating environment descriptor '/home/ubuntu/turtlebot3_ws/install/servo_solenoid/share/servo_solenoid/hook/ament_prefix_path.dsv'
[2.459s] INFO:colcon.colcon_core.shell:Creating environment hook '/home/ubuntu/turtlebot3_ws/install/servo_solenoid/share/servo_solenoid/hook/ament_prefix_path.sh'
[2.463s] INFO:colcon.colcon_core.shell:Skip shell extension 'powershell' for command environment: Not usable outside of PowerShell
[2.464s] DEBUG:colcon.colcon_core.shell:Skip shell extension 'dsv' for command environment
[3.505s] INFO:colcon.colcon_core.task.python.build:Building Python package in '/home/ubuntu/turtlebot3_ws/src/servo_solenoid'
[3.506s] INFO:colcon.colcon_core.shell:Skip shell extension 'powershell' for command environment: Not usable outside of PowerShell
[3.506s] DEBUG:colcon.colcon_core.shell:Skip shell extension 'dsv' for command environment
[5.449s] DEBUG:colcon.colcon_core.event_handler.log_command:Invoking command in '/home/ubuntu/turtlebot3_ws/src/servo_solenoid': PYTHONPATH=/home/ubuntu/turtlebot3_ws/build/servo_solenoid/prefix_override:/usr/lib/python3/dist-packages/colcon_core/task/python/colcon_distutils_commands:/home/ubuntu/turtlebot3_ws/install/servo_solenoid/lib/python3.10/site-packages:${PYTHONPATH} /usr/bin/python3 -W ignore:setup.py install is deprecated -W ignore:easy_install command is deprecated setup.py egg_info --egg-base ../../build/servo_solenoid build --build-base /home/ubuntu/turtlebot3_ws/build/servo_solenoid/build install --record /home/ubuntu/turtlebot3_ws/build/servo_solenoid/install.log --single-version-externally-managed install_data
[6.657s] DEBUG:colcon.colcon_core.event_handler.log_command:Invoked command in '/home/ubuntu/turtlebot3_ws/src/servo_solenoid' returned '0': PYTHONPATH=/home/ubuntu/turtlebot3_ws/build/servo_solenoid/prefix_override:/usr/lib/python3/dist-packages/colcon_core/task/python/colcon_distutils_commands:/home/ubuntu/turtlebot3_ws/install/servo_solenoid/lib/python3.10/site-packages:${PYTHONPATH} /usr/bin/python3 -W ignore:setup.py install is deprecated -W ignore:easy_install command is deprecated setup.py egg_info --egg-base ../../build/servo_solenoid build --build-base /home/ubuntu/turtlebot3_ws/build/servo_solenoid/build install --record /home/ubuntu/turtlebot3_ws/build/servo_solenoid/install.log --single-version-externally-managed install_data
[6.681s] Level 1:colcon.colcon_core.environment:checking '/home/ubuntu/turtlebot3_ws/install/servo_solenoid' for CMake module files
[6.684s] Level 1:colcon.colcon_core.environment:checking '/home/ubuntu/turtlebot3_ws/install/servo_solenoid' for CMake config files
[6.688s] Level 1:colcon.colcon_core.environment:checking '/home/ubuntu/turtlebot3_ws/install/servo_solenoid/lib'
[6.689s] Level 1:colcon.colcon_core.environment:checking '/home/ubuntu/turtlebot3_ws/install/servo_solenoid/bin'
[6.689s] Level 1:colcon.colcon_core.environment:checking '/home/ubuntu/turtlebot3_ws/install/servo_solenoid/lib/pkgconfig/servo_solenoid.pc'
[6.691s] Level 1:colcon.colcon_core.environment:checking '/home/ubuntu/turtlebot3_ws/install/servo_solenoid/lib/python3.10/site-packages'
[6.691s] Level 1:colcon.colcon_core.shell:create_environment_hook('servo_solenoid', 'pythonpath')
[6.692s] INFO:colcon.colcon_core.shell:Creating environment hook '/home/ubuntu/turtlebot3_ws/install/servo_solenoid/share/servo_solenoid/hook/pythonpath.ps1'
[6.694s] INFO:colcon.colcon_core.shell:Creating environment descriptor '/home/ubuntu/turtlebot3_ws/install/servo_solenoid/share/servo_solenoid/hook/pythonpath.dsv'
[6.696s] INFO:colcon.colcon_core.shell:Creating environment hook '/home/ubuntu/turtlebot3_ws/install/servo_solenoid/share/servo_solenoid/hook/pythonpath.sh'
[6.699s] Level 1:colcon.colcon_core.environment:checking '/home/ubuntu/turtlebot3_ws/install/servo_solenoid/bin'
[6.700s] Level 1:colcon.colcon_core.environment:create_environment_scripts_only(servo_solenoid)
[6.701s] INFO:colcon.colcon_core.shell:Creating package script '/home/ubuntu/turtlebot3_ws/install/servo_solenoid/share/servo_solenoid/package.ps1'
[6.705s] INFO:colcon.colcon_core.shell:Creating package descriptor '/home/ubuntu/turtlebot3_ws/install/servo_solenoid/share/servo_solenoid/package.dsv'
[6.708s] INFO:colcon.colcon_core.shell:Creating package script '/home/ubuntu/turtlebot3_ws/install/servo_solenoid/share/servo_solenoid/package.sh'
[6.713s] INFO:colcon.colcon_core.shell:Creating package script '/home/ubuntu/turtlebot3_ws/install/servo_solenoid/share/servo_solenoid/package.bash'
[6.721s] INFO:colcon.colcon_core.shell:Creating package script '/home/ubuntu/turtlebot3_ws/install/servo_solenoid/share/servo_solenoid/package.zsh'
[6.726s] Level 1:colcon.colcon_core.environment:create_file_with_runtime_dependencies(/home/ubuntu/turtlebot3_ws/install/servo_solenoid/share/colcon-core/packages/servo_solenoid)
[6.728s] DEBUG:colcon.colcon_parallel_executor.executor.parallel:closing loop
[6.729s] DEBUG:colcon.colcon_parallel_executor.executor.parallel:loop closed
[6.730s] DEBUG:colcon.colcon_parallel_executor.executor.parallel:run_until_complete finished with '0'
[6.730s] DEBUG:colcon.colcon_core.event_reactor:joining thread
[6.756s] INFO:colcon.colcon_core.plugin_system:Skipping extension 'colcon_notification.desktop_notification.notify_send': Could not find 'notify-send'
[6.756s] INFO:colcon.colcon_core.plugin_system:Skipping extension 'colcon_notification.desktop_notification.terminal_notifier': Not used on non-Darwin systems
[6.757s] INFO:colcon.colcon_core.plugin_system:Skipping extension 'colcon_notification.desktop_notification.win32': Not used on non-Windows systems
[6.757s] INFO:colcon.colcon_notification.desktop_notification:Sending desktop notification using 'notify2'
[6.785s] DEBUG:colcon.colcon_notification.desktop_notification.notify2:Failed to initialize notify2: org.freedesktop.DBus.Error.ServiceUnknown: The name org.freedesktop.Notifications was not provided by any .service files
[6.785s] DEBUG:colcon.colcon_core.event_reactor:joined thread
[6.786s] INFO:colcon.colcon_core.shell:Creating prefix script '/home/ubuntu/turtlebot3_ws/install/local_setup.ps1'
[6.792s] INFO:colcon.colcon_core.shell:Creating prefix util module '/home/ubuntu/turtlebot3_ws/install/_local_setup_util_ps1.py'
[6.799s] INFO:colcon.colcon_core.shell:Creating prefix chain script '/home/ubuntu/turtlebot3_ws/install/setup.ps1'
[6.809s] INFO:colcon.colcon_core.shell:Creating prefix script '/home/ubuntu/turtlebot3_ws/install/local_setup.sh'
[6.812s] INFO:colcon.colcon_core.shell:Creating prefix util module '/home/ubuntu/turtlebot3_ws/install/_local_setup_util_sh.py'
[6.815s] INFO:colcon.colcon_core.shell:Creating prefix chain script '/home/ubuntu/turtlebot3_ws/install/setup.sh'
[6.823s] INFO:colcon.colcon_core.shell:Creating prefix script '/home/ubuntu/turtlebot3_ws/install/local_setup.bash'
[6.826s] INFO:colcon.colcon_core.shell:Creating prefix chain script '/home/ubuntu/turtlebot3_ws/install/setup.bash'
[6.833s] INFO:colcon.colcon_core.shell:Creating prefix script '/home/ubuntu/turtlebot3_ws/install/local_setup.zsh'
[6.837s] INFO:colcon.colcon_core.shell:Creating prefix chain script '/home/ubuntu/turtlebot3_ws/install/setup.zsh'
