[0.056s] Invoking command in '/home/ubuntu/turtlebot3_ws/build/coin_d4_driver': CMAKE_PREFIX_PATH=${CMAKE_PREFIX_PATH}:/home/ubuntu/turtlebot3_ws/install/turtlebot3_teleop:/home/ubuntu/turtlebot3_ws/install/turtlebot3_example:/home/ubuntu/turtlebot3_ws/install/py_pubsub:/opt/ros/humble /usr/bin/cmake /home/ubuntu/turtlebot3_ws/src/coin_d4_driver -DCMAKE_INSTALL_PREFIX=/home/ubuntu/turtlebot3_ws/install/coin_d4_driver
[0.125s] -- Found ament_cmake: 1.3.12 (/opt/ros/humble/share/ament_cmake/cmake)
[0.870s] -- Override CMake install command with custom implementation using symlinks instead of copying resources
[0.921s] -- Found rclcpp: 16.0.17 (/opt/ros/humble/share/rclcpp/cmake)
[1.119s] -- Found rosidl_generator_c: 3.1.8 (/opt/ros/humble/share/rosidl_generator_c/cmake)
[1.133s] -- Found rosidl_adapter: 3.1.8 (/opt/ros/humble/share/rosidl_adapter/cmake)
[1.165s] -- Found rosidl_generator_cpp: 3.1.8 (/opt/ros/humble/share/rosidl_generator_cpp/cmake)
[1.216s] -- Using all available rosidl_typesupport_c: rosidl_typesupport_fastrtps_c;rosidl_typesupport_introspection_c
[1.281s] -- Using all available rosidl_typesupport_cpp: rosidl_typesupport_fastrtps_cpp;rosidl_typesupport_introspection_cpp
[1.455s] -- Found rmw_implementation_cmake: 6.1.2 (/opt/ros/humble/share/rmw_implementation_cmake/cmake)
[1.463s] -- Found rmw_fastrtps_cpp: 6.2.9 (/opt/ros/humble/share/rmw_fastrtps_cpp/cmake)
[2.301s] -- Using RMW implementation 'rmw_fastrtps_cpp' as default
[2.597s] -- Found rclcpp_lifecycle: 16.0.17 (/opt/ros/humble/share/rclcpp_lifecycle/cmake)
[2.737s] -- Found sensor_msgs: 4.9.0 (/opt/ros/humble/share/sensor_msgs/cmake)
[3.388s] -- Configuring done
[3.567s] -- Generating done
[3.614s] -- Build files have been written to: /home/ubuntu/turtlebot3_ws/build/coin_d4_driver
[3.652s] Invoked command in '/home/ubuntu/turtlebot3_ws/build/coin_d4_driver' returned '0': CMAKE_PREFIX_PATH=${CMAKE_PREFIX_PATH}:/home/ubuntu/turtlebot3_ws/install/turtlebot3_teleop:/home/ubuntu/turtlebot3_ws/install/turtlebot3_example:/home/ubuntu/turtlebot3_ws/install/py_pubsub:/opt/ros/humble /usr/bin/cmake /home/ubuntu/turtlebot3_ws/src/coin_d4_driver -DCMAKE_INSTALL_PREFIX=/home/ubuntu/turtlebot3_ws/install/coin_d4_driver
[3.659s] Invoking command in '/home/ubuntu/turtlebot3_ws/build/coin_d4_driver': CMAKE_PREFIX_PATH=${CMAKE_PREFIX_PATH}:/home/ubuntu/turtlebot3_ws/install/turtlebot3_teleop:/home/ubuntu/turtlebot3_ws/install/turtlebot3_example:/home/ubuntu/turtlebot3_ws/install/py_pubsub:/opt/ros/humble /usr/bin/cmake --build /home/ubuntu/turtlebot3_ws/build/coin_d4_driver -- -j4 -l4
[3.909s] [35m[1mConsolidate compiler generated dependencies of target coin_d4_driver_lib[0m
[4.083s] [ 66%] Built target coin_d4_driver_lib
[4.154s] [35m[1mConsolidate compiler generated dependencies of target single_coin_d4_node[0m
[4.260s] [35m[1mConsolidate compiler generated dependencies of target multi_coin_d4_node[0m
[4.421s] [ 83%] Built target single_coin_d4_node
[4.431s] [100%] Built target multi_coin_d4_node
[4.478s] Invoked command in '/home/ubuntu/turtlebot3_ws/build/coin_d4_driver' returned '0': CMAKE_PREFIX_PATH=${CMAKE_PREFIX_PATH}:/home/ubuntu/turtlebot3_ws/install/turtlebot3_teleop:/home/ubuntu/turtlebot3_ws/install/turtlebot3_example:/home/ubuntu/turtlebot3_ws/install/py_pubsub:/opt/ros/humble /usr/bin/cmake --build /home/ubuntu/turtlebot3_ws/build/coin_d4_driver -- -j4 -l4
[4.528s] Invoking command in '/home/ubuntu/turtlebot3_ws/build/coin_d4_driver': CMAKE_PREFIX_PATH=${CMAKE_PREFIX_PATH}:/home/ubuntu/turtlebot3_ws/install/turtlebot3_teleop:/home/ubuntu/turtlebot3_ws/install/turtlebot3_example:/home/ubuntu/turtlebot3_ws/install/py_pubsub:/opt/ros/humble /usr/bin/cmake --install /home/ubuntu/turtlebot3_ws/build/coin_d4_driver
[4.559s] -- Install configuration: ""
[4.562s] -- Execute custom install script
[4.843s] -- Up-to-date symlink: /home/ubuntu/turtlebot3_ws/install/coin_d4_driver/include/coin_d4_driver/coin_d4_base_handler.hpp
[4.907s] -- Up-to-date symlink: /home/ubuntu/turtlebot3_ws/install/coin_d4_driver/include/coin_d4_driver/coin_d4_lifecycle_handler.hpp
[4.993s] -- Up-to-date symlink: /home/ubuntu/turtlebot3_ws/install/coin_d4_driver/include/coin_d4_driver/coin_d4_node_handler.hpp
[5.013s] -- Up-to-date symlink: /home/ubuntu/turtlebot3_ws/install/coin_d4_driver/include/coin_d4_driver/lidar_sdk/handling_info.hpp
[5.017s] -- Up-to-date symlink: /home/ubuntu/turtlebot3_ws/install/coin_d4_driver/include/coin_d4_driver/lidar_sdk/lidar_data_processor.hpp
[5.022s] -- Up-to-date symlink: /home/ubuntu/turtlebot3_ws/install/coin_d4_driver/include/coin_d4_driver/lidar_sdk/lidar_information.hpp
[5.033s] -- Up-to-date symlink: /home/ubuntu/turtlebot3_ws/install/coin_d4_driver/include/coin_d4_driver/lidar_sdk/locker.hpp
[5.035s] -- Up-to-date symlink: /home/ubuntu/turtlebot3_ws/install/coin_d4_driver/include/coin_d4_driver/lidar_sdk/mtime.hpp
[5.056s] -- Up-to-date symlink: /home/ubuntu/turtlebot3_ws/install/coin_d4_driver/include/coin_d4_driver/lidar_sdk/serial_port.hpp
[5.064s] -- Up-to-date symlink: /home/ubuntu/turtlebot3_ws/install/coin_d4_driver/include/coin_d4_driver/lidar_sdk/timer.hpp
[5.072s] -- Up-to-date symlink: /home/ubuntu/turtlebot3_ws/install/coin_d4_driver/include/coin_d4_driver/multi_coin_d4_node.hpp
[5.083s] -- Up-to-date symlink: /home/ubuntu/turtlebot3_ws/install/coin_d4_driver/include/coin_d4_driver/single_coin_d4_node.hpp
[5.088s] -- Up-to-date symlink: /home/ubuntu/turtlebot3_ws/install/coin_d4_driver/share/coin_d4_driver/launch/multi_lidar_node.launch.py
[5.090s] -- Up-to-date symlink: /home/ubuntu/turtlebot3_ws/install/coin_d4_driver/share/coin_d4_driver/launch/single_lidar_node.launch.py
[5.103s] -- Up-to-date symlink: /home/ubuntu/turtlebot3_ws/install/coin_d4_driver/share/coin_d4_driver/params/multi_lidar_node.yaml
[5.110s] -- Up-to-date symlink: /home/ubuntu/turtlebot3_ws/install/coin_d4_driver/share/coin_d4_driver/params/single_lidar_node.yaml
[5.116s] -- Up-to-date symlink: /home/ubuntu/turtlebot3_ws/install/coin_d4_driver/lib/coin_d4_driver/single_coin_d4_node
[5.119s] -- Up-to-date symlink: /home/ubuntu/turtlebot3_ws/install/coin_d4_driver/lib/coin_d4_driver/multi_coin_d4_node
[5.130s] -- Up-to-date symlink: /home/ubuntu/turtlebot3_ws/install/coin_d4_driver/share/coin_d4_driver/environment/library_path.sh
[5.130s] -- Up-to-date symlink: /home/ubuntu/turtlebot3_ws/install/coin_d4_driver/share/coin_d4_driver/environment/library_path.dsv
[5.131s] -- Up-to-date symlink: /home/ubuntu/turtlebot3_ws/install/coin_d4_driver/share/ament_index/resource_index/package_run_dependencies/coin_d4_driver
[5.156s] -- Up-to-date symlink: /home/ubuntu/turtlebot3_ws/install/coin_d4_driver/share/ament_index/resource_index/parent_prefix_path/coin_d4_driver
[5.161s] -- Up-to-date symlink: /home/ubuntu/turtlebot3_ws/install/coin_d4_driver/share/coin_d4_driver/environment/ament_prefix_path.sh
[5.171s] -- Up-to-date symlink: /home/ubuntu/turtlebot3_ws/install/coin_d4_driver/share/coin_d4_driver/environment/ament_prefix_path.dsv
[5.172s] -- Up-to-date symlink: /home/ubuntu/turtlebot3_ws/install/coin_d4_driver/share/coin_d4_driver/environment/path.sh
[5.174s] -- Up-to-date symlink: /home/ubuntu/turtlebot3_ws/install/coin_d4_driver/share/coin_d4_driver/environment/path.dsv
[5.177s] -- Up-to-date symlink: /home/ubuntu/turtlebot3_ws/install/coin_d4_driver/share/coin_d4_driver/local_setup.bash
[5.178s] -- Up-to-date symlink: /home/ubuntu/turtlebot3_ws/install/coin_d4_driver/share/coin_d4_driver/local_setup.sh
[5.178s] -- Up-to-date symlink: /home/ubuntu/turtlebot3_ws/install/coin_d4_driver/share/coin_d4_driver/local_setup.zsh
[5.183s] -- Up-to-date symlink: /home/ubuntu/turtlebot3_ws/install/coin_d4_driver/share/coin_d4_driver/local_setup.dsv
[5.183s] -- Symlinking: /home/ubuntu/turtlebot3_ws/install/coin_d4_driver/share/coin_d4_driver/package.dsv
[5.230s] -- Up-to-date symlink: /home/ubuntu/turtlebot3_ws/install/coin_d4_driver/share/ament_index/resource_index/packages/coin_d4_driver
[5.235s] -- Up-to-date symlink: /home/ubuntu/turtlebot3_ws/install/coin_d4_driver/share/coin_d4_driver/cmake/ament_cmake_export_include_directories-extras.cmake
[5.241s] -- Up-to-date symlink: /home/ubuntu/turtlebot3_ws/install/coin_d4_driver/share/coin_d4_driver/cmake/ament_cmake_export_libraries-extras.cmake
[5.245s] -- Up-to-date symlink: /home/ubuntu/turtlebot3_ws/install/coin_d4_driver/share/coin_d4_driver/cmake/ament_cmake_export_targets-extras.cmake
[5.248s] -- Up-to-date symlink: /home/ubuntu/turtlebot3_ws/install/coin_d4_driver/share/coin_d4_driver/cmake/ament_cmake_export_dependencies-extras.cmake
[5.252s] -- Up-to-date symlink: /home/ubuntu/turtlebot3_ws/install/coin_d4_driver/share/coin_d4_driver/cmake/coin_d4_driverConfig.cmake
[5.255s] -- Up-to-date symlink: /home/ubuntu/turtlebot3_ws/install/coin_d4_driver/share/coin_d4_driver/cmake/coin_d4_driverConfig-version.cmake
[5.258s] -- Up-to-date symlink: /home/ubuntu/turtlebot3_ws/install/coin_d4_driver/share/coin_d4_driver/package.xml
[5.264s] -- Up-to-date: /home/ubuntu/turtlebot3_ws/install/coin_d4_driver/lib/libcoin_d4_driver_lib.so
[5.268s] -- Up-to-date: /home/ubuntu/turtlebot3_ws/install/coin_d4_driver/share/coin_d4_driver/cmake/export_coin_d4_driverExport.cmake
[5.270s] -- Up-to-date: /home/ubuntu/turtlebot3_ws/install/coin_d4_driver/share/coin_d4_driver/cmake/export_coin_d4_driverExport-noconfig.cmake
[5.285s] Invoked command in '/home/ubuntu/turtlebot3_ws/build/coin_d4_driver' returned '0': CMAKE_PREFIX_PATH=${CMAKE_PREFIX_PATH}:/home/ubuntu/turtlebot3_ws/install/turtlebot3_teleop:/home/ubuntu/turtlebot3_ws/install/turtlebot3_example:/home/ubuntu/turtlebot3_ws/install/py_pubsub:/opt/ros/humble /usr/bin/cmake --install /home/ubuntu/turtlebot3_ws/build/coin_d4_driver
