[2.593s] Invoking command in '/home/ubuntu/turtlebot3_ws/src/servo_solenoid': PYTHONPATH=/home/ubuntu/turtlebot3_ws/build/servo_solenoid/prefix_override:/usr/lib/python3/dist-packages/colcon_core/task/python/colcon_distutils_commands:/home/ubuntu/turtlebot3_ws/install/servo_solenoid/lib/python3.10/site-packages:${PYTHONPATH} /usr/bin/python3 -W ignore:setup.py install is deprecated -W ignore:easy_install command is deprecated setup.py egg_info --egg-base ../../build/servo_solenoid build --build-base /home/ubuntu/turtlebot3_ws/build/servo_solenoid/build install --record /home/ubuntu/turtlebot3_ws/build/servo_solenoid/install.log --single-version-externally-managed install_data
[3.561s] running egg_info
[3.563s] writing ../../build/servo_solenoid/servo_solenoid.egg-info/PKG-INFO
[3.564s] writing dependency_links to ../../build/servo_solenoid/servo_solenoid.egg-info/dependency_links.txt
[3.565s] writing entry points to ../../build/servo_solenoid/servo_solenoid.egg-info/entry_points.txt
[3.566s] writing requirements to ../../build/servo_solenoid/servo_solenoid.egg-info/requires.txt
[3.567s] writing top-level names to ../../build/servo_solenoid/servo_solenoid.egg-info/top_level.txt
[3.575s] reading manifest file '../../build/servo_solenoid/servo_solenoid.egg-info/SOURCES.txt'
[3.578s] writing manifest file '../../build/servo_solenoid/servo_solenoid.egg-info/SOURCES.txt'
[3.579s] running build
[3.579s] running build_py
[3.580s] copying servo_solenoid/servoSolenoid.py -> /home/ubuntu/turtlebot3_ws/build/servo_solenoid/build/lib/servo_solenoid
[3.581s] running install
[3.583s] running install_lib
[3.586s] copying /home/ubuntu/turtlebot3_ws/build/servo_solenoid/build/lib/servo_solenoid/servoSolenoid.py -> /home/ubuntu/turtlebot3_ws/install/servo_solenoid/lib/python3.10/site-packages/servo_solenoid
[3.589s] byte-compiling /home/ubuntu/turtlebot3_ws/install/servo_solenoid/lib/python3.10/site-packages/servo_solenoid/servoSolenoid.py to servoSolenoid.cpython-310.pyc
[3.592s] running install_data
[3.593s] running install_egg_info
[3.600s] removing '/home/ubuntu/turtlebot3_ws/install/servo_solenoid/lib/python3.10/site-packages/servo_solenoid-0.0.0-py3.10.egg-info' (and everything under it)
[3.601s] Copying ../../build/servo_solenoid/servo_solenoid.egg-info to /home/ubuntu/turtlebot3_ws/install/servo_solenoid/lib/python3.10/site-packages/servo_solenoid-0.0.0-py3.10.egg-info
[3.607s] running install_scripts
[3.687s] Installing solenoid_node script to /home/ubuntu/turtlebot3_ws/install/servo_solenoid/lib/servo_solenoid
[3.689s] writing list of installed files to '/home/ubuntu/turtlebot3_ws/build/servo_solenoid/install.log'
[3.805s] Invoked command in '/home/ubuntu/turtlebot3_ws/src/servo_solenoid' returned '0': PYTHONPATH=/home/ubuntu/turtlebot3_ws/build/servo_solenoid/prefix_override:/usr/lib/python3/dist-packages/colcon_core/task/python/colcon_distutils_commands:/home/ubuntu/turtlebot3_ws/install/servo_solenoid/lib/python3.10/site-packages:${PYTHONPATH} /usr/bin/python3 -W ignore:setup.py install is deprecated -W ignore:easy_install command is deprecated setup.py egg_info --egg-base ../../build/servo_solenoid build --build-base /home/ubuntu/turtlebot3_ws/build/servo_solenoid/build install --record /home/ubuntu/turtlebot3_ws/build/servo_solenoid/install.log --single-version-externally-managed install_data
