[2.564s] Invoking command in '/home/ubuntu/turtlebot3_ws/src/servo_solenoid': PYTHONPATH=/home/ubuntu/turtlebot3_ws/build/servo_solenoid/prefix_override:/usr/lib/python3/dist-packages/colcon_core/task/python/colcon_distutils_commands:/home/ubuntu/turtlebot3_ws/install/servo_solenoid/lib/python3.10/site-packages:${PYTHONPATH} /usr/bin/python3 -W ignore:setup.py install is deprecated -W ignore:easy_install command is deprecated setup.py egg_info --egg-base ../../build/servo_solenoid build --build-base /home/ubuntu/turtlebot3_ws/build/servo_solenoid/build install --record /home/ubuntu/turtlebot3_ws/build/servo_solenoid/install.log --single-version-externally-managed install_data
[3.530s] running egg_info
[3.533s] writing ../../build/servo_solenoid/servo_solenoid.egg-info/PKG-INFO
[3.534s] writing dependency_links to ../../build/servo_solenoid/servo_solenoid.egg-info/dependency_links.txt
[3.535s] writing entry points to ../../build/servo_solenoid/servo_solenoid.egg-info/entry_points.txt
[3.536s] writing requirements to ../../build/servo_solenoid/servo_solenoid.egg-info/requires.txt
[3.536s] writing top-level names to ../../build/servo_solenoid/servo_solenoid.egg-info/top_level.txt
[3.544s] reading manifest file '../../build/servo_solenoid/servo_solenoid.egg-info/SOURCES.txt'
[3.548s] writing manifest file '../../build/servo_solenoid/servo_solenoid.egg-info/SOURCES.txt'
[3.549s] running build
[3.549s] running build_py
[3.550s] copying servo_solenoid/servoSolenoid.py -> /home/ubuntu/turtlebot3_ws/build/servo_solenoid/build/lib/servo_solenoid
[3.552s] running install
[3.553s] running install_lib
[3.556s] copying /home/ubuntu/turtlebot3_ws/build/servo_solenoid/build/lib/servo_solenoid/servoSolenoid.py -> /home/ubuntu/turtlebot3_ws/install/servo_solenoid/lib/python3.10/site-packages/servo_solenoid
[3.559s] byte-compiling /home/ubuntu/turtlebot3_ws/install/servo_solenoid/lib/python3.10/site-packages/servo_solenoid/servoSolenoid.py to servoSolenoid.cpython-310.pyc
[3.562s] running install_data
[3.563s] running install_egg_info
[3.570s] removing '/home/ubuntu/turtlebot3_ws/install/servo_solenoid/lib/python3.10/site-packages/servo_solenoid-0.0.0-py3.10.egg-info' (and everything under it)
[3.571s] Copying ../../build/servo_solenoid/servo_solenoid.egg-info to /home/ubuntu/turtlebot3_ws/install/servo_solenoid/lib/python3.10/site-packages/servo_solenoid-0.0.0-py3.10.egg-info
[3.577s] running install_scripts
[3.657s] Installing solenoid_node script to /home/ubuntu/turtlebot3_ws/install/servo_solenoid/lib/servo_solenoid
[3.659s] writing list of installed files to '/home/ubuntu/turtlebot3_ws/build/servo_solenoid/install.log'
[3.775s] Invoked command in '/home/ubuntu/turtlebot3_ws/src/servo_solenoid' returned '0': PYTHONPATH=/home/ubuntu/turtlebot3_ws/build/servo_solenoid/prefix_override:/usr/lib/python3/dist-packages/colcon_core/task/python/colcon_distutils_commands:/home/ubuntu/turtlebot3_ws/install/servo_solenoid/lib/python3.10/site-packages:${PYTHONPATH} /usr/bin/python3 -W ignore:setup.py install is deprecated -W ignore:easy_install command is deprecated setup.py egg_info --egg-base ../../build/servo_solenoid build --build-base /home/ubuntu/turtlebot3_ws/build/servo_solenoid/build install --record /home/ubuntu/turtlebot3_ws/build/servo_solenoid/install.log --single-version-externally-managed install_data
