running egg_info
creating ../../build/servo_solenoid/servo_solenoid.egg-info
writing ../../build/servo_solenoid/servo_solenoid.egg-info/PKG-INFO
writing dependency_links to ../../build/servo_solenoid/servo_solenoid.egg-info/dependency_links.txt
writing entry points to ../../build/servo_solenoid/servo_solenoid.egg-info/entry_points.txt
writing requirements to ../../build/servo_solenoid/servo_solenoid.egg-info/requires.txt
writing top-level names to ../../build/servo_solenoid/servo_solenoid.egg-info/top_level.txt
writing manifest file '../../build/servo_solenoid/servo_solenoid.egg-info/SOURCES.txt'
reading manifest file '../../build/servo_solenoid/servo_solenoid.egg-info/SOURCES.txt'
writing manifest file '../../build/servo_solenoid/servo_solenoid.egg-info/SOURCES.txt'
running build
running build_py
creating /home/ubuntu/turtlebot3_ws/build/servo_solenoid/build
creating /home/ubuntu/turtlebot3_ws/build/servo_solenoid/build/lib
creating /home/ubuntu/turtlebot3_ws/build/servo_solenoid/build/lib/servo_solenoid
copying servo_solenoid/__init__.py -> /home/ubuntu/turtlebot3_ws/build/servo_solenoid/build/lib/servo_solenoid
running install
running install_lib
creating /home/ubuntu/turtlebot3_ws/install/servo_solenoid/lib/python3.10/site-packages/servo_solenoid
copying /home/ubuntu/turtlebot3_ws/build/servo_solenoid/build/lib/servo_solenoid/__init__.py -> /home/ubuntu/turtlebot3_ws/install/servo_solenoid/lib/python3.10/site-packages/servo_solenoid
byte-compiling /home/ubuntu/turtlebot3_ws/install/servo_solenoid/lib/python3.10/site-packages/servo_solenoid/__init__.py to __init__.cpython-310.pyc
running install_data
creating /home/ubuntu/turtlebot3_ws/install/servo_solenoid/share/ament_index
creating /home/ubuntu/turtlebot3_ws/install/servo_solenoid/share/ament_index/resource_index
creating /home/ubuntu/turtlebot3_ws/install/servo_solenoid/share/ament_index/resource_index/packages
copying resource/servo_solenoid -> /home/ubuntu/turtlebot3_ws/install/servo_solenoid/share/ament_index/resource_index/packages
copying package.xml -> /home/ubuntu/turtlebot3_ws/install/servo_solenoid/share/servo_solenoid
running install_egg_info
Copying ../../build/servo_solenoid/servo_solenoid.egg-info to /home/ubuntu/turtlebot3_ws/install/servo_solenoid/lib/python3.10/site-packages/servo_solenoid-0.0.0-py3.10.egg-info
running install_scripts
writing list of installed files to '/home/ubuntu/turtlebot3_ws/build/servo_solenoid/install.log'
