[0.048s] Invoking command in '/home/ubuntu/turtlebot3_ws/build/turtlebot3': AMENT_PREFIX_PATH=/home/ubuntu/turtlebot3_ws/install/turtlebot3_bringup:/home/ubuntu/turtlebot3_ws/install/turtlebot3_teleop:/home/ubuntu/turtlebot3_ws/install/turtlebot3_node:/home/ubuntu/turtlebot3_ws/install/turtlebot3_example:/home/ubuntu/turtlebot3_ws/install/turtlebot3_description:${AMENT_PREFIX_PATH} CMAKE_PREFIX_PATH=/home/ubuntu/turtlebot3_ws/install/turtlebot3_bringup:/home/ubuntu/turtlebot3_ws/install/turtlebot3_node:/home/ubuntu/turtlebot3_ws/install/turtlebot3_description:/opt/ros/humble PYTHONPATH=/home/ubuntu/turtlebot3_ws/build/turtlebot3_teleop:/home/ubuntu/turtlebot3_ws/install/turtlebot3_teleop/lib/python3.10/site-packages:/home/ubuntu/turtlebot3_ws/build/turtlebot3_example:/home/ubuntu/turtlebot3_ws/install/turtlebot3_example/lib/python3.10/site-packages:${PYTHONPATH} /usr/bin/cmake /home/ubuntu/turtlebot3_ws/src/turtlebot3/turtlebot3 -DAMENT_CMAKE_SYMLINK_INSTALL=1 -DCMAKE_INSTALL_PREFIX=/home/ubuntu/turtlebot3_ws/install/turtlebot3
[0.297s] -- The C compiler identification is GNU 11.4.0
[0.547s] -- The CXX compiler identification is GNU 11.4.0
[0.577s] -- Detecting C compiler ABI info
[0.878s] -- Detecting C compiler ABI info - done
[0.921s] -- Check for working C compiler: /usr/bin/cc - skipped
[0.922s] -- Detecting C compile features
[0.922s] -- Detecting C compile features - done
[0.937s] -- Detecting CXX compiler ABI info
[1.351s] -- Detecting CXX compiler ABI info - done
[1.377s] -- Check for working CXX compiler: /usr/bin/c++ - skipped
[1.378s] -- Detecting CXX compile features
[1.379s] -- Detecting CXX compile features - done
[1.402s] -- Found ament_cmake: 1.3.12 (/opt/ros/humble/share/ament_cmake/cmake)
[2.115s] -- Found Python3: /usr/bin/python3 (found version "3.10.12") found components: Interpreter 
[2.401s] -- Override CMake install command with custom implementation using symlinks instead of copying resources
[2.912s] -- Configuring done
[2.929s] -- Generating done
[2.936s] -- Build files have been written to: /home/ubuntu/turtlebot3_ws/build/turtlebot3
[2.950s] Invoked command in '/home/ubuntu/turtlebot3_ws/build/turtlebot3' returned '0': AMENT_PREFIX_PATH=/home/ubuntu/turtlebot3_ws/install/turtlebot3_bringup:/home/ubuntu/turtlebot3_ws/install/turtlebot3_teleop:/home/ubuntu/turtlebot3_ws/install/turtlebot3_node:/home/ubuntu/turtlebot3_ws/install/turtlebot3_example:/home/ubuntu/turtlebot3_ws/install/turtlebot3_description:${AMENT_PREFIX_PATH} CMAKE_PREFIX_PATH=/home/ubuntu/turtlebot3_ws/install/turtlebot3_bringup:/home/ubuntu/turtlebot3_ws/install/turtlebot3_node:/home/ubuntu/turtlebot3_ws/install/turtlebot3_description:/opt/ros/humble PYTHONPATH=/home/ubuntu/turtlebot3_ws/build/turtlebot3_teleop:/home/ubuntu/turtlebot3_ws/install/turtlebot3_teleop/lib/python3.10/site-packages:/home/ubuntu/turtlebot3_ws/build/turtlebot3_example:/home/ubuntu/turtlebot3_ws/install/turtlebot3_example/lib/python3.10/site-packages:${PYTHONPATH} /usr/bin/cmake /home/ubuntu/turtlebot3_ws/src/turtlebot3/turtlebot3 -DAMENT_CMAKE_SYMLINK_INSTALL=1 -DCMAKE_INSTALL_PREFIX=/home/ubuntu/turtlebot3_ws/install/turtlebot3
[2.957s] Invoking command in '/home/ubuntu/turtlebot3_ws/build/turtlebot3': AMENT_PREFIX_PATH=/home/ubuntu/turtlebot3_ws/install/turtlebot3_bringup:/home/ubuntu/turtlebot3_ws/install/turtlebot3_teleop:/home/ubuntu/turtlebot3_ws/install/turtlebot3_node:/home/ubuntu/turtlebot3_ws/install/turtlebot3_example:/home/ubuntu/turtlebot3_ws/install/turtlebot3_description:${AMENT_PREFIX_PATH} CMAKE_PREFIX_PATH=/home/ubuntu/turtlebot3_ws/install/turtlebot3_bringup:/home/ubuntu/turtlebot3_ws/install/turtlebot3_node:/home/ubuntu/turtlebot3_ws/install/turtlebot3_description:/opt/ros/humble PYTHONPATH=/home/ubuntu/turtlebot3_ws/build/turtlebot3_teleop:/home/ubuntu/turtlebot3_ws/install/turtlebot3_teleop/lib/python3.10/site-packages:/home/ubuntu/turtlebot3_ws/build/turtlebot3_example:/home/ubuntu/turtlebot3_ws/install/turtlebot3_example/lib/python3.10/site-packages:${PYTHONPATH} /usr/bin/cmake --build /home/ubuntu/turtlebot3_ws/build/turtlebot3 -- -j4 -l4
[3.095s] Invoked command in '/home/ubuntu/turtlebot3_ws/build/turtlebot3' returned '0': AMENT_PREFIX_PATH=/home/ubuntu/turtlebot3_ws/install/turtlebot3_bringup:/home/ubuntu/turtlebot3_ws/install/turtlebot3_teleop:/home/ubuntu/turtlebot3_ws/install/turtlebot3_node:/home/ubuntu/turtlebot3_ws/install/turtlebot3_example:/home/ubuntu/turtlebot3_ws/install/turtlebot3_description:${AMENT_PREFIX_PATH} CMAKE_PREFIX_PATH=/home/ubuntu/turtlebot3_ws/install/turtlebot3_bringup:/home/ubuntu/turtlebot3_ws/install/turtlebot3_node:/home/ubuntu/turtlebot3_ws/install/turtlebot3_description:/opt/ros/humble PYTHONPATH=/home/ubuntu/turtlebot3_ws/build/turtlebot3_teleop:/home/ubuntu/turtlebot3_ws/install/turtlebot3_teleop/lib/python3.10/site-packages:/home/ubuntu/turtlebot3_ws/build/turtlebot3_example:/home/ubuntu/turtlebot3_ws/install/turtlebot3_example/lib/python3.10/site-packages:${PYTHONPATH} /usr/bin/cmake --build /home/ubuntu/turtlebot3_ws/build/turtlebot3 -- -j4 -l4
[3.103s] Invoking command in '/home/ubuntu/turtlebot3_ws/build/turtlebot3': AMENT_PREFIX_PATH=/home/ubuntu/turtlebot3_ws/install/turtlebot3_bringup:/home/ubuntu/turtlebot3_ws/install/turtlebot3_teleop:/home/ubuntu/turtlebot3_ws/install/turtlebot3_node:/home/ubuntu/turtlebot3_ws/install/turtlebot3_example:/home/ubuntu/turtlebot3_ws/install/turtlebot3_description:${AMENT_PREFIX_PATH} CMAKE_PREFIX_PATH=/home/ubuntu/turtlebot3_ws/install/turtlebot3_bringup:/home/ubuntu/turtlebot3_ws/install/turtlebot3_node:/home/ubuntu/turtlebot3_ws/install/turtlebot3_description:/opt/ros/humble PYTHONPATH=/home/ubuntu/turtlebot3_ws/build/turtlebot3_teleop:/home/ubuntu/turtlebot3_ws/install/turtlebot3_teleop/lib/python3.10/site-packages:/home/ubuntu/turtlebot3_ws/build/turtlebot3_example:/home/ubuntu/turtlebot3_ws/install/turtlebot3_example/lib/python3.10/site-packages:${PYTHONPATH} /usr/bin/cmake --install /home/ubuntu/turtlebot3_ws/build/turtlebot3
[3.128s] -- Install configuration: ""
[3.129s] -- Execute custom install script
[3.131s] -- Symlinking: /home/ubuntu/turtlebot3_ws/install/turtlebot3/share/ament_index/resource_index/package_run_dependencies/turtlebot3
[3.161s] -- Symlinking: /home/ubuntu/turtlebot3_ws/install/turtlebot3/share/ament_index/resource_index/parent_prefix_path/turtlebot3
[3.192s] -- Symlinking: /home/ubuntu/turtlebot3_ws/install/turtlebot3/share/turtlebot3/environment/ament_prefix_path.sh
[3.221s] -- Symlinking: /home/ubuntu/turtlebot3_ws/install/turtlebot3/share/turtlebot3/environment/ament_prefix_path.dsv
[3.252s] -- Symlinking: /home/ubuntu/turtlebot3_ws/install/turtlebot3/share/turtlebot3/environment/path.sh
[3.282s] -- Symlinking: /home/ubuntu/turtlebot3_ws/install/turtlebot3/share/turtlebot3/environment/path.dsv
[3.313s] -- Symlinking: /home/ubuntu/turtlebot3_ws/install/turtlebot3/share/turtlebot3/local_setup.bash
[3.343s] -- Symlinking: /home/ubuntu/turtlebot3_ws/install/turtlebot3/share/turtlebot3/local_setup.sh
[3.374s] -- Symlinking: /home/ubuntu/turtlebot3_ws/install/turtlebot3/share/turtlebot3/local_setup.zsh
[3.404s] -- Symlinking: /home/ubuntu/turtlebot3_ws/install/turtlebot3/share/turtlebot3/local_setup.dsv
[3.434s] -- Symlinking: /home/ubuntu/turtlebot3_ws/install/turtlebot3/share/turtlebot3/package.dsv
[3.465s] -- Symlinking: /home/ubuntu/turtlebot3_ws/install/turtlebot3/share/ament_index/resource_index/packages/turtlebot3
[3.496s] -- Symlinking: /home/ubuntu/turtlebot3_ws/install/turtlebot3/share/turtlebot3/cmake/turtlebot3Config.cmake
[3.527s] -- Symlinking: /home/ubuntu/turtlebot3_ws/install/turtlebot3/share/turtlebot3/cmake/turtlebot3Config-version.cmake
[3.558s] -- Symlinking: /home/ubuntu/turtlebot3_ws/install/turtlebot3/share/turtlebot3/package.xml
[3.596s] Invoked command in '/home/ubuntu/turtlebot3_ws/build/turtlebot3' returned '0': AMENT_PREFIX_PATH=/home/ubuntu/turtlebot3_ws/install/turtlebot3_bringup:/home/ubuntu/turtlebot3_ws/install/turtlebot3_teleop:/home/ubuntu/turtlebot3_ws/install/turtlebot3_node:/home/ubuntu/turtlebot3_ws/install/turtlebot3_example:/home/ubuntu/turtlebot3_ws/install/turtlebot3_description:${AMENT_PREFIX_PATH} CMAKE_PREFIX_PATH=/home/ubuntu/turtlebot3_ws/install/turtlebot3_bringup:/home/ubuntu/turtlebot3_ws/install/turtlebot3_node:/home/ubuntu/turtlebot3_ws/install/turtlebot3_description:/opt/ros/humble PYTHONPATH=/home/ubuntu/turtlebot3_ws/build/turtlebot3_teleop:/home/ubuntu/turtlebot3_ws/install/turtlebot3_teleop/lib/python3.10/site-packages:/home/ubuntu/turtlebot3_ws/build/turtlebot3_example:/home/ubuntu/turtlebot3_ws/install/turtlebot3_example/lib/python3.10/site-packages:${PYTHONPATH} /usr/bin/cmake --install /home/ubuntu/turtlebot3_ws/build/turtlebot3
