[0.193s] Invoking command in '/home/ubuntu/turtlebot3_ws/build/coin_d4_driver': CMAKE_PREFIX_PATH=${CMAKE_PREFIX_PATH}:/home/ubuntu/turtlebot3_ws/install/turtlebot3_teleop:/home/ubuntu/turtlebot3_ws/install/turtlebot3_example:/home/ubuntu/turtlebot3_ws/install/servo_solenoid:/home/ubuntu/turtlebot3_ws/install/py_pubsub:/opt/ros/humble /usr/bin/cmake --build /home/ubuntu/turtlebot3_ws/build/coin_d4_driver -- -j4 -l4
[0.580s] [ 66%] Built target coin_d4_driver_lib
[0.800s] [ 83%] Built target multi_coin_d4_node
[0.806s] [100%] Built target single_coin_d4_node
[0.860s] Invoked command in '/home/ubuntu/turtlebot3_ws/build/coin_d4_driver' returned '0': CMAKE_PREFIX_PATH=${CMAKE_PREFIX_PATH}:/home/ubuntu/turtlebot3_ws/install/turtlebot3_teleop:/home/ubuntu/turtlebot3_ws/install/turtlebot3_example:/home/ubuntu/turtlebot3_ws/install/servo_solenoid:/home/ubuntu/turtlebot3_ws/install/py_pubsub:/opt/ros/humble /usr/bin/cmake --build /home/ubuntu/turtlebot3_ws/build/coin_d4_driver -- -j4 -l4
[0.875s] Invoking command in '/home/ubuntu/turtlebot3_ws/build/coin_d4_driver': CMAKE_PREFIX_PATH=${CMAKE_PREFIX_PATH}:/home/ubuntu/turtlebot3_ws/install/turtlebot3_teleop:/home/ubuntu/turtlebot3_ws/install/turtlebot3_example:/home/ubuntu/turtlebot3_ws/install/servo_solenoid:/home/ubuntu/turtlebot3_ws/install/py_pubsub:/opt/ros/humble /usr/bin/cmake --install /home/ubuntu/turtlebot3_ws/build/coin_d4_driver
[0.914s] -- Install configuration: ""
[0.922s] -- Execute custom install script
[0.928s] -- Up-to-date symlink: /home/ubuntu/turtlebot3_ws/install/coin_d4_driver/include/coin_d4_driver/coin_d4_base_handler.hpp
[0.931s] -- Up-to-date symlink: /home/ubuntu/turtlebot3_ws/install/coin_d4_driver/include/coin_d4_driver/coin_d4_lifecycle_handler.hpp
[0.934s] -- Up-to-date symlink: /home/ubuntu/turtlebot3_ws/install/coin_d4_driver/include/coin_d4_driver/coin_d4_node_handler.hpp
[0.937s] -- Up-to-date symlink: /home/ubuntu/turtlebot3_ws/install/coin_d4_driver/include/coin_d4_driver/lidar_sdk/handling_info.hpp
[0.940s] -- Up-to-date symlink: /home/ubuntu/turtlebot3_ws/install/coin_d4_driver/include/coin_d4_driver/lidar_sdk/lidar_data_processor.hpp
[0.944s] -- Up-to-date symlink: /home/ubuntu/turtlebot3_ws/install/coin_d4_driver/include/coin_d4_driver/lidar_sdk/lidar_information.hpp
[0.947s] -- Up-to-date symlink: /home/ubuntu/turtlebot3_ws/install/coin_d4_driver/include/coin_d4_driver/lidar_sdk/locker.hpp
[0.951s] -- Up-to-date symlink: /home/ubuntu/turtlebot3_ws/install/coin_d4_driver/include/coin_d4_driver/lidar_sdk/mtime.hpp
[0.953s] -- Up-to-date symlink: /home/ubuntu/turtlebot3_ws/install/coin_d4_driver/include/coin_d4_driver/lidar_sdk/serial_port.hpp
[0.956s] -- Up-to-date symlink: /home/ubuntu/turtlebot3_ws/install/coin_d4_driver/include/coin_d4_driver/lidar_sdk/timer.hpp
[0.959s] -- Up-to-date symlink: /home/ubuntu/turtlebot3_ws/install/coin_d4_driver/include/coin_d4_driver/multi_coin_d4_node.hpp
[0.962s] -- Up-to-date symlink: /home/ubuntu/turtlebot3_ws/install/coin_d4_driver/include/coin_d4_driver/single_coin_d4_node.hpp
[0.971s] -- Up-to-date symlink: /home/ubuntu/turtlebot3_ws/install/coin_d4_driver/share/coin_d4_driver/launch/multi_lidar_node.launch.py
[0.976s] -- Up-to-date symlink: /home/ubuntu/turtlebot3_ws/install/coin_d4_driver/share/coin_d4_driver/launch/single_lidar_node.launch.py
[0.981s] -- Up-to-date symlink: /home/ubuntu/turtlebot3_ws/install/coin_d4_driver/share/coin_d4_driver/params/multi_lidar_node.yaml
[0.984s] -- Up-to-date symlink: /home/ubuntu/turtlebot3_ws/install/coin_d4_driver/share/coin_d4_driver/params/single_lidar_node.yaml
[0.989s] -- Up-to-date symlink: /home/ubuntu/turtlebot3_ws/install/coin_d4_driver/lib/coin_d4_driver/single_coin_d4_node
[0.996s] -- Up-to-date symlink: /home/ubuntu/turtlebot3_ws/install/coin_d4_driver/lib/coin_d4_driver/multi_coin_d4_node
[0.998s] -- Up-to-date symlink: /home/ubuntu/turtlebot3_ws/install/coin_d4_driver/share/coin_d4_driver/environment/library_path.sh
[1.000s] -- Up-to-date symlink: /home/ubuntu/turtlebot3_ws/install/coin_d4_driver/share/coin_d4_driver/environment/library_path.dsv
[1.002s] -- Up-to-date symlink: /home/ubuntu/turtlebot3_ws/install/coin_d4_driver/share/ament_index/resource_index/package_run_dependencies/coin_d4_driver
[1.005s] -- Up-to-date symlink: /home/ubuntu/turtlebot3_ws/install/coin_d4_driver/share/ament_index/resource_index/parent_prefix_path/coin_d4_driver
[1.007s] -- Up-to-date symlink: /home/ubuntu/turtlebot3_ws/install/coin_d4_driver/share/coin_d4_driver/environment/ament_prefix_path.sh
[1.008s] -- Up-to-date symlink: /home/ubuntu/turtlebot3_ws/install/coin_d4_driver/share/coin_d4_driver/environment/ament_prefix_path.dsv
[1.010s] -- Up-to-date symlink: /home/ubuntu/turtlebot3_ws/install/coin_d4_driver/share/coin_d4_driver/environment/path.sh
[1.012s] -- Up-to-date symlink: /home/ubuntu/turtlebot3_ws/install/coin_d4_driver/share/coin_d4_driver/environment/path.dsv
[1.014s] -- Up-to-date symlink: /home/ubuntu/turtlebot3_ws/install/coin_d4_driver/share/coin_d4_driver/local_setup.bash
[1.016s] -- Up-to-date symlink: /home/ubuntu/turtlebot3_ws/install/coin_d4_driver/share/coin_d4_driver/local_setup.sh
[1.018s] -- Up-to-date symlink: /home/ubuntu/turtlebot3_ws/install/coin_d4_driver/share/coin_d4_driver/local_setup.zsh
[1.020s] -- Up-to-date symlink: /home/ubuntu/turtlebot3_ws/install/coin_d4_driver/share/coin_d4_driver/local_setup.dsv
[1.021s] -- Symlinking: /home/ubuntu/turtlebot3_ws/install/coin_d4_driver/share/coin_d4_driver/package.dsv
[1.067s] -- Up-to-date symlink: /home/ubuntu/turtlebot3_ws/install/coin_d4_driver/share/ament_index/resource_index/packages/coin_d4_driver
[1.069s] -- Up-to-date symlink: /home/ubuntu/turtlebot3_ws/install/coin_d4_driver/share/coin_d4_driver/cmake/ament_cmake_export_include_directories-extras.cmake
[1.072s] -- Up-to-date symlink: /home/ubuntu/turtlebot3_ws/install/coin_d4_driver/share/coin_d4_driver/cmake/ament_cmake_export_libraries-extras.cmake
[1.074s] -- Up-to-date symlink: /home/ubuntu/turtlebot3_ws/install/coin_d4_driver/share/coin_d4_driver/cmake/ament_cmake_export_targets-extras.cmake
[1.075s] -- Up-to-date symlink: /home/ubuntu/turtlebot3_ws/install/coin_d4_driver/share/coin_d4_driver/cmake/ament_cmake_export_dependencies-extras.cmake
[1.077s] -- Up-to-date symlink: /home/ubuntu/turtlebot3_ws/install/coin_d4_driver/share/coin_d4_driver/cmake/coin_d4_driverConfig.cmake
[1.079s] -- Up-to-date symlink: /home/ubuntu/turtlebot3_ws/install/coin_d4_driver/share/coin_d4_driver/cmake/coin_d4_driverConfig-version.cmake
[1.080s] -- Up-to-date symlink: /home/ubuntu/turtlebot3_ws/install/coin_d4_driver/share/coin_d4_driver/package.xml
[1.085s] -- Up-to-date: /home/ubuntu/turtlebot3_ws/install/coin_d4_driver/lib/libcoin_d4_driver_lib.so
[1.091s] -- Up-to-date: /home/ubuntu/turtlebot3_ws/install/coin_d4_driver/share/coin_d4_driver/cmake/export_coin_d4_driverExport.cmake
[1.092s] -- Up-to-date: /home/ubuntu/turtlebot3_ws/install/coin_d4_driver/share/coin_d4_driver/cmake/export_coin_d4_driverExport-noconfig.cmake
[1.108s] Invoked command in '/home/ubuntu/turtlebot3_ws/build/coin_d4_driver' returned '0': CMAKE_PREFIX_PATH=${CMAKE_PREFIX_PATH}:/home/ubuntu/turtlebot3_ws/install/turtlebot3_teleop:/home/ubuntu/turtlebot3_ws/install/turtlebot3_example:/home/ubuntu/turtlebot3_ws/install/servo_solenoid:/home/ubuntu/turtlebot3_ws/install/py_pubsub:/opt/ros/humble /usr/bin/cmake --install /home/ubuntu/turtlebot3_ws/build/coin_d4_driver
