running egg_info
writing ../../build/servo_solenoid/servo_solenoid.egg-info/PKG-INFO
writing dependency_links to ../../build/servo_solenoid/servo_solenoid.egg-info/dependency_links.txt
writing entry points to ../../build/servo_solenoid/servo_solenoid.egg-info/entry_points.txt
writing requirements to ../../build/servo_solenoid/servo_solenoid.egg-info/requires.txt
writing top-level names to ../../build/servo_solenoid/servo_solenoid.egg-info/top_level.txt
reading manifest file '../../build/servo_solenoid/servo_solenoid.egg-info/SOURCES.txt'
writing manifest file '../../build/servo_solenoid/servo_solenoid.egg-info/SOURCES.txt'
running build
running build_py
copying servo_solenoid/servoSolenoid.py -> /home/ubuntu/turtlebot3_ws/build/servo_solenoid/build/lib/servo_solenoid
running install
running install_lib
copying /home/ubuntu/turtlebot3_ws/build/servo_solenoid/build/lib/servo_solenoid/servoSolenoid.py -> /home/ubuntu/turtlebot3_ws/install/servo_solenoid/lib/python3.10/site-packages/servo_solenoid
byte-compiling /home/ubuntu/turtlebot3_ws/install/servo_solenoid/lib/python3.10/site-packages/servo_solenoid/servoSolenoid.py to servoSolenoid.cpython-310.pyc
running install_data
running install_egg_info
removing '/home/ubuntu/turtlebot3_ws/install/servo_solenoid/lib/python3.10/site-packages/servo_solenoid-0.0.0-py3.10.egg-info' (and everything under it)
Copying ../../build/servo_solenoid/servo_solenoid.egg-info to /home/ubuntu/turtlebot3_ws/install/servo_solenoid/lib/python3.10/site-packages/servo_solenoid-0.0.0-py3.10.egg-info
running install_scripts
writing list of installed files to '/home/ubuntu/turtlebot3_ws/build/servo_solenoid/install.log'
