[2.548s] Invoking command in '/home/ubuntu/turtlebot3_ws/src/servo_solenoid': PYTHONPATH=/home/ubuntu/turtlebot3_ws/build/servo_solenoid/prefix_override:/usr/lib/python3/dist-packages/colcon_core/task/python/colcon_distutils_commands:/home/ubuntu/turtlebot3_ws/install/servo_solenoid/lib/python3.10/site-packages:${PYTHONPATH} /usr/bin/python3 -W ignore:setup.py install is deprecated -W ignore:easy_install command is deprecated setup.py egg_info --egg-base ../../build/servo_solenoid build --build-base /home/ubuntu/turtlebot3_ws/build/servo_solenoid/build install --record /home/ubuntu/turtlebot3_ws/build/servo_solenoid/install.log --single-version-externally-managed install_data
[3.492s] running egg_info
[3.495s] writing ../../build/servo_solenoid/servo_solenoid.egg-info/PKG-INFO
[3.496s] writing dependency_links to ../../build/servo_solenoid/servo_solenoid.egg-info/dependency_links.txt
[3.497s] writing entry points to ../../build/servo_solenoid/servo_solenoid.egg-info/entry_points.txt
[3.498s] writing requirements to ../../build/servo_solenoid/servo_solenoid.egg-info/requires.txt
[3.498s] writing top-level names to ../../build/servo_solenoid/servo_solenoid.egg-info/top_level.txt
[3.506s] reading manifest file '../../build/servo_solenoid/servo_solenoid.egg-info/SOURCES.txt'
[3.510s] writing manifest file '../../build/servo_solenoid/servo_solenoid.egg-info/SOURCES.txt'
[3.510s] running build
[3.511s] running build_py
[3.512s] copying servo_solenoid/servoSolenoid.py -> /home/ubuntu/turtlebot3_ws/build/servo_solenoid/build/lib/servo_solenoid
[3.513s] running install
[3.514s] running install_lib
[3.518s] copying /home/ubuntu/turtlebot3_ws/build/servo_solenoid/build/lib/servo_solenoid/servoSolenoid.py -> /home/ubuntu/turtlebot3_ws/install/servo_solenoid/lib/python3.10/site-packages/servo_solenoid
[3.520s] byte-compiling /home/ubuntu/turtlebot3_ws/install/servo_solenoid/lib/python3.10/site-packages/servo_solenoid/servoSolenoid.py to servoSolenoid.cpython-310.pyc
[3.522s] Sorry: TabError: inconsistent use of tabs and spaces in indentation (servoSolenoid.py, line 55)
[3.523s] running install_data
[3.523s] running install_egg_info
[3.530s] removing '/home/ubuntu/turtlebot3_ws/install/servo_solenoid/lib/python3.10/site-packages/servo_solenoid-0.0.0-py3.10.egg-info' (and everything under it)
[3.531s] Copying ../../build/servo_solenoid/servo_solenoid.egg-info to /home/ubuntu/turtlebot3_ws/install/servo_solenoid/lib/python3.10/site-packages/servo_solenoid-0.0.0-py3.10.egg-info
[3.537s] running install_scripts
[3.615s] Installing solenoid_node script to /home/ubuntu/turtlebot3_ws/install/servo_solenoid/lib/servo_solenoid
[3.617s] writing list of installed files to '/home/ubuntu/turtlebot3_ws/build/servo_solenoid/install.log'
[3.731s] Invoked command in '/home/ubuntu/turtlebot3_ws/src/servo_solenoid' returned '0': PYTHONPATH=/home/ubuntu/turtlebot3_ws/build/servo_solenoid/prefix_override:/usr/lib/python3/dist-packages/colcon_core/task/python/colcon_distutils_commands:/home/ubuntu/turtlebot3_ws/install/servo_solenoid/lib/python3.10/site-packages:${PYTHONPATH} /usr/bin/python3 -W ignore:setup.py install is deprecated -W ignore:easy_install command is deprecated setup.py egg_info --egg-base ../../build/servo_solenoid build --build-base /home/ubuntu/turtlebot3_ws/build/servo_solenoid/build install --record /home/ubuntu/turtlebot3_ws/build/servo_solenoid/install.log --single-version-externally-managed install_data
