[0.173s] Invoking command in '/home/ubuntu/turtlebot3_ws/build/coin_d4_driver': CMAKE_PREFIX_PATH=${CMAKE_PREFIX_PATH}:/home/ubuntu/turtlebot3_ws/install/turtlebot3_teleop:/home/ubuntu/turtlebot3_ws/install/turtlebot3_example:/home/ubuntu/turtlebot3_ws/install/servo_solenoid:/home/ubuntu/turtlebot3_ws/install/py_pubsub:/opt/ros/humble /usr/bin/cmake --build /home/ubuntu/turtlebot3_ws/build/coin_d4_driver -- -j4 -l4
[0.542s] [ 66%] Built target coin_d4_driver_lib
[0.761s] [ 83%] Built target single_coin_d4_node
[0.793s] [100%] Built target multi_coin_d4_node
[0.841s] Invoked command in '/home/ubuntu/turtlebot3_ws/build/coin_d4_driver' returned '0': CMAKE_PREFIX_PATH=${CMAKE_PREFIX_PATH}:/home/ubuntu/turtlebot3_ws/install/turtlebot3_teleop:/home/ubuntu/turtlebot3_ws/install/turtlebot3_example:/home/ubuntu/turtlebot3_ws/install/servo_solenoid:/home/ubuntu/turtlebot3_ws/install/py_pubsub:/opt/ros/humble /usr/bin/cmake --build /home/ubuntu/turtlebot3_ws/build/coin_d4_driver -- -j4 -l4
[0.855s] Invoking command in '/home/ubuntu/turtlebot3_ws/build/coin_d4_driver': CMAKE_PREFIX_PATH=${CMAKE_PREFIX_PATH}:/home/ubuntu/turtlebot3_ws/install/turtlebot3_teleop:/home/ubuntu/turtlebot3_ws/install/turtlebot3_example:/home/ubuntu/turtlebot3_ws/install/servo_solenoid:/home/ubuntu/turtlebot3_ws/install/py_pubsub:/opt/ros/humble /usr/bin/cmake --install /home/ubuntu/turtlebot3_ws/build/coin_d4_driver
[0.891s] -- Install configuration: ""
[0.895s] -- Execute custom install script
[0.900s] -- Up-to-date symlink: /home/ubuntu/turtlebot3_ws/install/coin_d4_driver/include/coin_d4_driver/coin_d4_base_handler.hpp
[0.902s] -- Up-to-date symlink: /home/ubuntu/turtlebot3_ws/install/coin_d4_driver/include/coin_d4_driver/coin_d4_lifecycle_handler.hpp
[0.903s] -- Up-to-date symlink: /home/ubuntu/turtlebot3_ws/install/coin_d4_driver/include/coin_d4_driver/coin_d4_node_handler.hpp
[0.906s] -- Up-to-date symlink: /home/ubuntu/turtlebot3_ws/install/coin_d4_driver/include/coin_d4_driver/lidar_sdk/handling_info.hpp
[0.907s] -- Up-to-date symlink: /home/ubuntu/turtlebot3_ws/install/coin_d4_driver/include/coin_d4_driver/lidar_sdk/lidar_data_processor.hpp
[0.909s] -- Up-to-date symlink: /home/ubuntu/turtlebot3_ws/install/coin_d4_driver/include/coin_d4_driver/lidar_sdk/lidar_information.hpp
[0.911s] -- Up-to-date symlink: /home/ubuntu/turtlebot3_ws/install/coin_d4_driver/include/coin_d4_driver/lidar_sdk/locker.hpp
[0.912s] -- Up-to-date symlink: /home/ubuntu/turtlebot3_ws/install/coin_d4_driver/include/coin_d4_driver/lidar_sdk/mtime.hpp
[0.914s] -- Up-to-date symlink: /home/ubuntu/turtlebot3_ws/install/coin_d4_driver/include/coin_d4_driver/lidar_sdk/serial_port.hpp
[0.916s] -- Up-to-date symlink: /home/ubuntu/turtlebot3_ws/install/coin_d4_driver/include/coin_d4_driver/lidar_sdk/timer.hpp
[0.918s] -- Up-to-date symlink: /home/ubuntu/turtlebot3_ws/install/coin_d4_driver/include/coin_d4_driver/multi_coin_d4_node.hpp
[0.920s] -- Up-to-date symlink: /home/ubuntu/turtlebot3_ws/install/coin_d4_driver/include/coin_d4_driver/single_coin_d4_node.hpp
[0.926s] -- Up-to-date symlink: /home/ubuntu/turtlebot3_ws/install/coin_d4_driver/share/coin_d4_driver/launch/multi_lidar_node.launch.py
[0.928s] -- Up-to-date symlink: /home/ubuntu/turtlebot3_ws/install/coin_d4_driver/share/coin_d4_driver/launch/single_lidar_node.launch.py
[0.932s] -- Up-to-date symlink: /home/ubuntu/turtlebot3_ws/install/coin_d4_driver/share/coin_d4_driver/params/multi_lidar_node.yaml
[0.934s] -- Up-to-date symlink: /home/ubuntu/turtlebot3_ws/install/coin_d4_driver/share/coin_d4_driver/params/single_lidar_node.yaml
[0.937s] -- Up-to-date symlink: /home/ubuntu/turtlebot3_ws/install/coin_d4_driver/lib/coin_d4_driver/single_coin_d4_node
[0.940s] -- Up-to-date symlink: /home/ubuntu/turtlebot3_ws/install/coin_d4_driver/lib/coin_d4_driver/multi_coin_d4_node
[0.942s] -- Up-to-date symlink: /home/ubuntu/turtlebot3_ws/install/coin_d4_driver/share/coin_d4_driver/environment/library_path.sh
[0.943s] -- Up-to-date symlink: /home/ubuntu/turtlebot3_ws/install/coin_d4_driver/share/coin_d4_driver/environment/library_path.dsv
[0.945s] -- Up-to-date symlink: /home/ubuntu/turtlebot3_ws/install/coin_d4_driver/share/ament_index/resource_index/package_run_dependencies/coin_d4_driver
[0.948s] -- Up-to-date symlink: /home/ubuntu/turtlebot3_ws/install/coin_d4_driver/share/ament_index/resource_index/parent_prefix_path/coin_d4_driver
[0.950s] -- Up-to-date symlink: /home/ubuntu/turtlebot3_ws/install/coin_d4_driver/share/coin_d4_driver/environment/ament_prefix_path.sh
[0.951s] -- Up-to-date symlink: /home/ubuntu/turtlebot3_ws/install/coin_d4_driver/share/coin_d4_driver/environment/ament_prefix_path.dsv
[0.953s] -- Up-to-date symlink: /home/ubuntu/turtlebot3_ws/install/coin_d4_driver/share/coin_d4_driver/environment/path.sh
[0.954s] -- Up-to-date symlink: /home/ubuntu/turtlebot3_ws/install/coin_d4_driver/share/coin_d4_driver/environment/path.dsv
[0.956s] -- Up-to-date symlink: /home/ubuntu/turtlebot3_ws/install/coin_d4_driver/share/coin_d4_driver/local_setup.bash
[0.958s] -- Up-to-date symlink: /home/ubuntu/turtlebot3_ws/install/coin_d4_driver/share/coin_d4_driver/local_setup.sh
[0.960s] -- Up-to-date symlink: /home/ubuntu/turtlebot3_ws/install/coin_d4_driver/share/coin_d4_driver/local_setup.zsh
[0.961s] -- Up-to-date symlink: /home/ubuntu/turtlebot3_ws/install/coin_d4_driver/share/coin_d4_driver/local_setup.dsv
[0.962s] -- Symlinking: /home/ubuntu/turtlebot3_ws/install/coin_d4_driver/share/coin_d4_driver/package.dsv
[1.004s] -- Up-to-date symlink: /home/ubuntu/turtlebot3_ws/install/coin_d4_driver/share/ament_index/resource_index/packages/coin_d4_driver
[1.007s] -- Up-to-date symlink: /home/ubuntu/turtlebot3_ws/install/coin_d4_driver/share/coin_d4_driver/cmake/ament_cmake_export_include_directories-extras.cmake
[1.009s] -- Up-to-date symlink: /home/ubuntu/turtlebot3_ws/install/coin_d4_driver/share/coin_d4_driver/cmake/ament_cmake_export_libraries-extras.cmake
[1.011s] -- Up-to-date symlink: /home/ubuntu/turtlebot3_ws/install/coin_d4_driver/share/coin_d4_driver/cmake/ament_cmake_export_targets-extras.cmake
[1.013s] -- Up-to-date symlink: /home/ubuntu/turtlebot3_ws/install/coin_d4_driver/share/coin_d4_driver/cmake/ament_cmake_export_dependencies-extras.cmake
[1.015s] -- Up-to-date symlink: /home/ubuntu/turtlebot3_ws/install/coin_d4_driver/share/coin_d4_driver/cmake/coin_d4_driverConfig.cmake
[1.017s] -- Up-to-date symlink: /home/ubuntu/turtlebot3_ws/install/coin_d4_driver/share/coin_d4_driver/cmake/coin_d4_driverConfig-version.cmake
[1.018s] -- Up-to-date symlink: /home/ubuntu/turtlebot3_ws/install/coin_d4_driver/share/coin_d4_driver/package.xml
[1.023s] -- Up-to-date: /home/ubuntu/turtlebot3_ws/install/coin_d4_driver/lib/libcoin_d4_driver_lib.so
[1.029s] -- Up-to-date: /home/ubuntu/turtlebot3_ws/install/coin_d4_driver/share/coin_d4_driver/cmake/export_coin_d4_driverExport.cmake
[1.029s] -- Up-to-date: /home/ubuntu/turtlebot3_ws/install/coin_d4_driver/share/coin_d4_driver/cmake/export_coin_d4_driverExport-noconfig.cmake
[1.038s] Invoked command in '/home/ubuntu/turtlebot3_ws/build/coin_d4_driver' returned '0': CMAKE_PREFIX_PATH=${CMAKE_PREFIX_PATH}:/home/ubuntu/turtlebot3_ws/install/turtlebot3_teleop:/home/ubuntu/turtlebot3_ws/install/turtlebot3_example:/home/ubuntu/turtlebot3_ws/install/servo_solenoid:/home/ubuntu/turtlebot3_ws/install/py_pubsub:/opt/ros/humble /usr/bin/cmake --install /home/ubuntu/turtlebot3_ws/build/coin_d4_driver
