[2.595s] Invoking command in '/home/ubuntu/turtlebot3_ws/src/servo_solenoid': PYTHONPATH=/home/ubuntu/turtlebot3_ws/build/servo_solenoid/prefix_override:/usr/lib/python3/dist-packages/colcon_core/task/python/colcon_distutils_commands:/home/ubuntu/turtlebot3_ws/install/servo_solenoid/lib/python3.10/site-packages:${PYTHONPATH} /usr/bin/python3 -W ignore:setup.py install is deprecated -W ignore:easy_install command is deprecated setup.py egg_info --egg-base ../../build/servo_solenoid build --build-base /home/ubuntu/turtlebot3_ws/build/servo_solenoid/build install --record /home/ubuntu/turtlebot3_ws/build/servo_solenoid/install.log --single-version-externally-managed install_data
[3.549s] running egg_info
[3.551s] writing ../../build/servo_solenoid/servo_solenoid.egg-info/PKG-INFO
[3.553s] writing dependency_links to ../../build/servo_solenoid/servo_solenoid.egg-info/dependency_links.txt
[3.554s] writing entry points to ../../build/servo_solenoid/servo_solenoid.egg-info/entry_points.txt
[3.554s] writing requirements to ../../build/servo_solenoid/servo_solenoid.egg-info/requires.txt
[3.555s] writing top-level names to ../../build/servo_solenoid/servo_solenoid.egg-info/top_level.txt
[3.563s] reading manifest file '../../build/servo_solenoid/servo_solenoid.egg-info/SOURCES.txt'
[3.566s] writing manifest file '../../build/servo_solenoid/servo_solenoid.egg-info/SOURCES.txt'
[3.567s] running build
[3.568s] running build_py
[3.568s] copying servo_solenoid/servoSolenoid.py -> /home/ubuntu/turtlebot3_ws/build/servo_solenoid/build/lib/servo_solenoid
[3.569s] running install
[3.571s] running install_lib
[3.574s] copying /home/ubuntu/turtlebot3_ws/build/servo_solenoid/build/lib/servo_solenoid/servoSolenoid.py -> /home/ubuntu/turtlebot3_ws/install/servo_solenoid/lib/python3.10/site-packages/servo_solenoid
[3.577s] byte-compiling /home/ubuntu/turtlebot3_ws/install/servo_solenoid/lib/python3.10/site-packages/servo_solenoid/servoSolenoid.py to servoSolenoid.cpython-310.pyc
[3.580s] running install_data
[3.580s] running install_egg_info
[3.587s] removing '/home/ubuntu/turtlebot3_ws/install/servo_solenoid/lib/python3.10/site-packages/servo_solenoid-0.0.0-py3.10.egg-info' (and everything under it)
[3.589s] Copying ../../build/servo_solenoid/servo_solenoid.egg-info to /home/ubuntu/turtlebot3_ws/install/servo_solenoid/lib/python3.10/site-packages/servo_solenoid-0.0.0-py3.10.egg-info
[3.594s] running install_scripts
[3.674s] Installing solenoid_node script to /home/ubuntu/turtlebot3_ws/install/servo_solenoid/lib/servo_solenoid
[3.675s] writing list of installed files to '/home/ubuntu/turtlebot3_ws/build/servo_solenoid/install.log'
[3.789s] Invoked command in '/home/ubuntu/turtlebot3_ws/src/servo_solenoid' returned '0': PYTHONPATH=/home/ubuntu/turtlebot3_ws/build/servo_solenoid/prefix_override:/usr/lib/python3/dist-packages/colcon_core/task/python/colcon_distutils_commands:/home/ubuntu/turtlebot3_ws/install/servo_solenoid/lib/python3.10/site-packages:${PYTHONPATH} /usr/bin/python3 -W ignore:setup.py install is deprecated -W ignore:easy_install command is deprecated setup.py egg_info --egg-base ../../build/servo_solenoid build --build-base /home/ubuntu/turtlebot3_ws/build/servo_solenoid/build install --record /home/ubuntu/turtlebot3_ws/build/servo_solenoid/install.log --single-version-externally-managed install_data
