[0.069s] Invoking command in '/home/ubuntu/turtlebot3_ws/build/coin_d4_driver': CMAKE_PREFIX_PATH=${CMAKE_PREFIX_PATH}:/home/ubuntu/turtlebot3_ws/install/turtlebot3_teleop:/home/ubuntu/turtlebot3_ws/install/turtlebot3_example:/home/ubuntu/turtlebot3_ws/install/servo_solenoid:/home/ubuntu/turtlebot3_ws/install/py_pubsub:/opt/ros/humble /usr/bin/cmake --build /home/ubuntu/turtlebot3_ws/build/coin_d4_driver -- -j4 -l4
[0.452s] [ 66%] Built target coin_d4_driver_lib
[0.650s] [ 83%] Built target single_coin_d4_node
[0.689s] [100%] Built target multi_coin_d4_node
[0.751s] Invoked command in '/home/ubuntu/turtlebot3_ws/build/coin_d4_driver' returned '0': CMAKE_PREFIX_PATH=${CMAKE_PREFIX_PATH}:/home/ubuntu/turtlebot3_ws/install/turtlebot3_teleop:/home/ubuntu/turtlebot3_ws/install/turtlebot3_example:/home/ubuntu/turtlebot3_ws/install/servo_solenoid:/home/ubuntu/turtlebot3_ws/install/py_pubsub:/opt/ros/humble /usr/bin/cmake --build /home/ubuntu/turtlebot3_ws/build/coin_d4_driver -- -j4 -l4
[0.754s] Invoking command in '/home/ubuntu/turtlebot3_ws/build/coin_d4_driver': CMAKE_PREFIX_PATH=${CMAKE_PREFIX_PATH}:/home/ubuntu/turtlebot3_ws/install/turtlebot3_teleop:/home/ubuntu/turtlebot3_ws/install/turtlebot3_example:/home/ubuntu/turtlebot3_ws/install/servo_solenoid:/home/ubuntu/turtlebot3_ws/install/py_pubsub:/opt/ros/humble /usr/bin/cmake --install /home/ubuntu/turtlebot3_ws/build/coin_d4_driver
[0.795s] -- Install configuration: ""
[0.799s] -- Execute custom install script
[0.804s] -- Up-to-date symlink: /home/ubuntu/turtlebot3_ws/install/coin_d4_driver/include/coin_d4_driver/coin_d4_base_handler.hpp
[0.806s] -- Up-to-date symlink: /home/ubuntu/turtlebot3_ws/install/coin_d4_driver/include/coin_d4_driver/coin_d4_lifecycle_handler.hpp
[0.809s] -- Up-to-date symlink: /home/ubuntu/turtlebot3_ws/install/coin_d4_driver/include/coin_d4_driver/coin_d4_node_handler.hpp
[0.811s] -- Up-to-date symlink: /home/ubuntu/turtlebot3_ws/install/coin_d4_driver/include/coin_d4_driver/lidar_sdk/handling_info.hpp
[0.814s] -- Up-to-date symlink: /home/ubuntu/turtlebot3_ws/install/coin_d4_driver/include/coin_d4_driver/lidar_sdk/lidar_data_processor.hpp
[0.816s] -- Up-to-date symlink: /home/ubuntu/turtlebot3_ws/install/coin_d4_driver/include/coin_d4_driver/lidar_sdk/lidar_information.hpp
[0.819s] -- Up-to-date symlink: /home/ubuntu/turtlebot3_ws/install/coin_d4_driver/include/coin_d4_driver/lidar_sdk/locker.hpp
[0.821s] -- Up-to-date symlink: /home/ubuntu/turtlebot3_ws/install/coin_d4_driver/include/coin_d4_driver/lidar_sdk/mtime.hpp
[0.822s] -- Up-to-date symlink: /home/ubuntu/turtlebot3_ws/install/coin_d4_driver/include/coin_d4_driver/lidar_sdk/serial_port.hpp
[0.826s] -- Up-to-date symlink: /home/ubuntu/turtlebot3_ws/install/coin_d4_driver/include/coin_d4_driver/lidar_sdk/timer.hpp
[0.826s] -- Up-to-date symlink: /home/ubuntu/turtlebot3_ws/install/coin_d4_driver/include/coin_d4_driver/multi_coin_d4_node.hpp
[0.827s] -- Up-to-date symlink: /home/ubuntu/turtlebot3_ws/install/coin_d4_driver/include/coin_d4_driver/single_coin_d4_node.hpp
[0.828s] -- Up-to-date symlink: /home/ubuntu/turtlebot3_ws/install/coin_d4_driver/share/coin_d4_driver/launch/multi_lidar_node.launch.py
[0.829s] -- Up-to-date symlink: /home/ubuntu/turtlebot3_ws/install/coin_d4_driver/share/coin_d4_driver/launch/single_lidar_node.launch.py
[0.830s] -- Up-to-date symlink: /home/ubuntu/turtlebot3_ws/install/coin_d4_driver/share/coin_d4_driver/params/multi_lidar_node.yaml
[0.831s] -- Up-to-date symlink: /home/ubuntu/turtlebot3_ws/install/coin_d4_driver/share/coin_d4_driver/params/single_lidar_node.yaml
[0.834s] -- Up-to-date symlink: /home/ubuntu/turtlebot3_ws/install/coin_d4_driver/lib/coin_d4_driver/single_coin_d4_node
[0.835s] -- Up-to-date symlink: /home/ubuntu/turtlebot3_ws/install/coin_d4_driver/lib/coin_d4_driver/multi_coin_d4_node
[0.836s] -- Up-to-date symlink: /home/ubuntu/turtlebot3_ws/install/coin_d4_driver/share/coin_d4_driver/environment/library_path.sh
[0.839s] -- Up-to-date symlink: /home/ubuntu/turtlebot3_ws/install/coin_d4_driver/share/coin_d4_driver/environment/library_path.dsv
[0.840s] -- Up-to-date symlink: /home/ubuntu/turtlebot3_ws/install/coin_d4_driver/share/ament_index/resource_index/package_run_dependencies/coin_d4_driver
[0.845s] -- Up-to-date symlink: /home/ubuntu/turtlebot3_ws/install/coin_d4_driver/share/ament_index/resource_index/parent_prefix_path/coin_d4_driver
[0.845s] -- Up-to-date symlink: /home/ubuntu/turtlebot3_ws/install/coin_d4_driver/share/coin_d4_driver/environment/ament_prefix_path.sh
[0.846s] -- Up-to-date symlink: /home/ubuntu/turtlebot3_ws/install/coin_d4_driver/share/coin_d4_driver/environment/ament_prefix_path.dsv
[0.846s] -- Up-to-date symlink: /home/ubuntu/turtlebot3_ws/install/coin_d4_driver/share/coin_d4_driver/environment/path.sh
[0.847s] -- Up-to-date symlink: /home/ubuntu/turtlebot3_ws/install/coin_d4_driver/share/coin_d4_driver/environment/path.dsv
[0.848s] -- Up-to-date symlink: /home/ubuntu/turtlebot3_ws/install/coin_d4_driver/share/coin_d4_driver/local_setup.bash
[0.848s] -- Up-to-date symlink: /home/ubuntu/turtlebot3_ws/install/coin_d4_driver/share/coin_d4_driver/local_setup.sh
[0.849s] -- Up-to-date symlink: /home/ubuntu/turtlebot3_ws/install/coin_d4_driver/share/coin_d4_driver/local_setup.zsh
[0.852s] -- Up-to-date symlink: /home/ubuntu/turtlebot3_ws/install/coin_d4_driver/share/coin_d4_driver/local_setup.dsv
[0.853s] -- Symlinking: /home/ubuntu/turtlebot3_ws/install/coin_d4_driver/share/coin_d4_driver/package.dsv
[0.897s] -- Up-to-date symlink: /home/ubuntu/turtlebot3_ws/install/coin_d4_driver/share/ament_index/resource_index/packages/coin_d4_driver
[0.898s] -- Up-to-date symlink: /home/ubuntu/turtlebot3_ws/install/coin_d4_driver/share/coin_d4_driver/cmake/ament_cmake_export_include_directories-extras.cmake
[0.901s] -- Up-to-date symlink: /home/ubuntu/turtlebot3_ws/install/coin_d4_driver/share/coin_d4_driver/cmake/ament_cmake_export_libraries-extras.cmake
[0.903s] -- Up-to-date symlink: /home/ubuntu/turtlebot3_ws/install/coin_d4_driver/share/coin_d4_driver/cmake/ament_cmake_export_targets-extras.cmake
[0.906s] -- Up-to-date symlink: /home/ubuntu/turtlebot3_ws/install/coin_d4_driver/share/coin_d4_driver/cmake/ament_cmake_export_dependencies-extras.cmake
[0.909s] -- Up-to-date symlink: /home/ubuntu/turtlebot3_ws/install/coin_d4_driver/share/coin_d4_driver/cmake/coin_d4_driverConfig.cmake
[0.911s] -- Up-to-date symlink: /home/ubuntu/turtlebot3_ws/install/coin_d4_driver/share/coin_d4_driver/cmake/coin_d4_driverConfig-version.cmake
[0.913s] -- Up-to-date symlink: /home/ubuntu/turtlebot3_ws/install/coin_d4_driver/share/coin_d4_driver/package.xml
[0.916s] -- Up-to-date: /home/ubuntu/turtlebot3_ws/install/coin_d4_driver/lib/libcoin_d4_driver_lib.so
[0.919s] -- Up-to-date: /home/ubuntu/turtlebot3_ws/install/coin_d4_driver/share/coin_d4_driver/cmake/export_coin_d4_driverExport.cmake
[0.921s] -- Up-to-date: /home/ubuntu/turtlebot3_ws/install/coin_d4_driver/share/coin_d4_driver/cmake/export_coin_d4_driverExport-noconfig.cmake
[0.935s] Invoked command in '/home/ubuntu/turtlebot3_ws/build/coin_d4_driver' returned '0': CMAKE_PREFIX_PATH=${CMAKE_PREFIX_PATH}:/home/ubuntu/turtlebot3_ws/install/turtlebot3_teleop:/home/ubuntu/turtlebot3_ws/install/turtlebot3_example:/home/ubuntu/turtlebot3_ws/install/servo_solenoid:/home/ubuntu/turtlebot3_ws/install/py_pubsub:/opt/ros/humble /usr/bin/cmake --install /home/ubuntu/turtlebot3_ws/build/coin_d4_driver
