[2.400s] Invoking command in '/home/ubuntu/turtlebot3_ws/build/turtlebot3_teleop': PYTHONPATH=/home/ubuntu/turtlebot3_ws/build/turtlebot3_teleop/prefix_override:/usr/lib/python3/dist-packages/colcon_core/task/python/colcon_distutils_commands:/home/ubuntu/turtlebot3_ws/install/turtlebot3_teleop/lib/python3.10/site-packages:${PYTHONPATH} /usr/bin/python3 -W ignore:setup.py install is deprecated -W ignore:easy_install command is deprecated setup.py develop --editable --build-directory /home/ubuntu/turtlebot3_ws/build/turtlebot3_teleop/build --no-deps symlink_data
[3.368s] running develop
[3.902s] running egg_info
[3.903s] creating turtlebot3_teleop.egg-info
[3.903s] writing turtlebot3_teleop.egg-info/PKG-INFO
[3.904s] writing dependency_links to turtlebot3_teleop.egg-info/dependency_links.txt
[3.904s] writing entry points to turtlebot3_teleop.egg-info/entry_points.txt
[3.905s] writing requirements to turtlebot3_teleop.egg-info/requires.txt
[3.905s] writing top-level names to turtlebot3_teleop.egg-info/top_level.txt
[3.906s] writing manifest file 'turtlebot3_teleop.egg-info/SOURCES.txt'
[3.913s] reading manifest file 'turtlebot3_teleop.egg-info/SOURCES.txt'
[3.915s] writing manifest file 'turtlebot3_teleop.egg-info/SOURCES.txt'
[3.922s] running build_ext
[3.922s] Creating /home/ubuntu/turtlebot3_ws/install/turtlebot3_teleop/lib/python3.10/site-packages/turtlebot3-teleop.egg-link (link to .)
[3.926s] Installing teleop_keyboard script to /home/ubuntu/turtlebot3_ws/install/turtlebot3_teleop/lib/turtlebot3_teleop
[3.927s] 
[3.928s] Installed /home/ubuntu/turtlebot3_ws/build/turtlebot3_teleop
[3.928s] running symlink_data
[3.929s] creating /home/ubuntu/turtlebot3_ws/install/turtlebot3_teleop/share/ament_index
[3.929s] creating /home/ubuntu/turtlebot3_ws/install/turtlebot3_teleop/share/ament_index/resource_index
[3.929s] creating /home/ubuntu/turtlebot3_ws/install/turtlebot3_teleop/share/ament_index/resource_index/packages
[3.930s] symbolically linking /home/ubuntu/turtlebot3_ws/build/turtlebot3_teleop/resource/turtlebot3_teleop -> /home/ubuntu/turtlebot3_ws/install/turtlebot3_teleop/share/ament_index/resource_index/packages
[3.931s] symbolically linking /home/ubuntu/turtlebot3_ws/build/turtlebot3_teleop/package.xml -> /home/ubuntu/turtlebot3_ws/install/turtlebot3_teleop/share/turtlebot3_teleop
[4.061s] Invoked command in '/home/ubuntu/turtlebot3_ws/build/turtlebot3_teleop' returned '0': PYTHONPATH=/home/ubuntu/turtlebot3_ws/build/turtlebot3_teleop/prefix_override:/usr/lib/python3/dist-packages/colcon_core/task/python/colcon_distutils_commands:/home/ubuntu/turtlebot3_ws/install/turtlebot3_teleop/lib/python3.10/site-packages:${PYTHONPATH} /usr/bin/python3 -W ignore:setup.py install is deprecated -W ignore:easy_install command is deprecated setup.py develop --editable --build-directory /home/ubuntu/turtlebot3_ws/build/turtlebot3_teleop/build --no-deps symlink_data
